# This file contains the data of final population
# of objectives = 2, # of constraints = 0, # of real_var = 0, # of bits of bin_var = 0, constr_violation, rank, crowding_distance
1.000000e+00	1.055556e+00	0.000000e+00	1	1.000000e+14
1.000000e+00	1.055556e+00	0.000000e+00	1	0.000000e+00
1.000000e+00	1.055556e+00	0.000000e+00	1	0.000000e+00
1.000000e+00	1.055556e+00	0.000000e+00	1	0.000000e+00
1.000000e+00	1.055556e+00	0.000000e+00	1	0.000000e+00
1.055556e+00	1.000000e+00	0.000000e+00	1	1.000000e+14
1.000000e+00	1.055556e+00	0.000000e+00	1	0.000000e+00
1.000000e+00	1.055556e+00	0.000000e+00	1	0.000000e+00
1.000000e+00	1.055556e+00	0.000000e+00	1	0.000000e+00
1.000000e+00	1.055556e+00	0.000000e+00	1	0.000000e+00
1.000000e+00	1.055556e+00	0.000000e+00	1	0.000000e+00
1.055556e+00	1.000000e+00	0.000000e+00	1	1.000000e+00
1.000000e+00	1.055556e+00	0.000000e+00	1	0.000000e+00
1.000000e+00	1.055556e+00	0.000000e+00	1	1.000000e+00
1.000000e+00	1.055556e+00	0.000000e+00	1	0.000000e+00
1.000000e+00	1.055556e+00	0.000000e+00	1	0.000000e+00
1.000000e+00	1.055556e+00	0.000000e+00	1	0.000000e+00
1.000000e+00	1.117647e+00	0.000000e+00	2	0.000000e+00
1.000000e+00	1.117647e+00	0.000000e+00	2	1.000000e+14
1.000000e+00	1.117647e+00	0.000000e+00	2	0.000000e+00
1.000000e+00	1.117647e+00	0.000000e+00	2	0.000000e+00
1.000000e+00	1.117647e+00	0.000000e+00	2	0.000000e+00
1.000000e+00	1.117647e+00	0.000000e+00	2	0.000000e+00
1.000000e+00	1.117647e+00	0.000000e+00	2	0.000000e+00
1.000000e+00	1.117647e+00	0.000000e+00	2	0.000000e+00
1.000000e+00	1.117647e+00	0.000000e+00	2	0.000000e+00
1.000000e+00	1.117647e+00	0.000000e+00	2	0.000000e+00
1.000000e+00	1.117647e+00	0.000000e+00	2	0.000000e+00
1.000000e+00	1.117647e+00	0.000000e+00	2	0.000000e+00
1.000000e+00	1.117647e+00	0.000000e+00	2	0.000000e+00
1.055556e+00	1.055556e+00	0.000000e+00	2	0.000000e+00
1.000000e+00	1.117647e+00	0.000000e+00	2	0.000000e+00
1.000000e+00	1.117647e+00	0.000000e+00	2	0.000000e+00
1.000000e+00	1.117647e+00	0.000000e+00	2	0.000000e+00
1.055556e+00	1.055556e+00	0.000000e+00	2	0.000000e+00
1.000000e+00	1.117647e+00	0.000000e+00	2	0.000000e+00
1.055556e+00	1.055556e+00	0.000000e+00	2	0.000000e+00
1.055556e+00	1.055556e+00	0.000000e+00	2	5.277778e-01
1.000000e+00	1.117647e+00	0.000000e+00	2	0.000000e+00
1.000000e+00	1.117647e+00	0.000000e+00	2	0.000000e+00
1.000000e+00	1.117647e+00	0.000000e+00	2	0.000000e+00
1.000000e+00	1.117647e+00	0.000000e+00	2	0.000000e+00
1.000000e+00	1.117647e+00	0.000000e+00	2	0.000000e+00
1.000000e+00	1.117647e+00	0.000000e+00	2	0.000000e+00
1.000000e+00	1.117647e+00	0.000000e+00	2	0.000000e+00
1.000000e+00	1.117647e+00	0.000000e+00	2	0.000000e+00
1.055556e+00	1.055556e+00	0.000000e+00	2	0.000000e+00
1.055556e+00	1.055556e+00	0.000000e+00	2	0.000000e+00
1.000000e+00	1.117647e+00	0.000000e+00	2	0.000000e+00
1.000000e+00	1.117647e+00	0.000000e+00	2	0.000000e+00
1.117647e+00	1.000000e+00	0.000000e+00	2	1.000000e+14
1.055556e+00	1.055556e+00	0.000000e+00	2	2.361111e-01
1.055556e+00	1.055556e+00	0.000000e+00	2	2.361111e-01
1.000000e+00	1.117647e+00	0.000000e+00	2	0.000000e+00
1.000000e+00	1.117647e+00	0.000000e+00	2	0.000000e+00
1.055556e+00	1.055556e+00	0.000000e+00	2	0.000000e+00
1.055556e+00	1.055556e+00	0.000000e+00	2	0.000000e+00
1.000000e+00	1.117647e+00	0.000000e+00	2	2.638889e-01
1.000000e+00	1.117647e+00	0.000000e+00	2	0.000000e+00
1.000000e+00	1.117647e+00	0.000000e+00	2	0.000000e+00
1.000000e+00	1.117647e+00	0.000000e+00	2	0.000000e+00
1.000000e+00	1.117647e+00	0.000000e+00	2	0.000000e+00
1.000000e+00	1.117647e+00	0.000000e+00	2	0.000000e+00
1.000000e+00	1.117647e+00	0.000000e+00	2	0.000000e+00
1.000000e+00	1.117647e+00	0.000000e+00	2	0.000000e+00
1.000000e+00	1.117647e+00	0.000000e+00	2	0.000000e+00
1.055556e+00	1.055556e+00	0.000000e+00	2	0.000000e+00
1.000000e+00	1.117647e+00	0.000000e+00	2	0.000000e+00
1.000000e+00	1.117647e+00	0.000000e+00	2	0.000000e+00
1.055556e+00	1.055556e+00	0.000000e+00	2	0.000000e+00
1.000000e+00	1.117647e+00	0.000000e+00	2	0.000000e+00
1.055556e+00	1.055556e+00	0.000000e+00	2	0.000000e+00
1.000000e+00	1.117647e+00	0.000000e+00	2	0.000000e+00
1.055556e+00	1.055556e+00	0.000000e+00	2	0.000000e+00
1.000000e+00	1.117647e+00	0.000000e+00	2	0.000000e+00
1.000000e+00	1.117647e+00	0.000000e+00	2	0.000000e+00
1.000000e+00	1.117647e+00	0.000000e+00	2	0.000000e+00
1.000000e+00	1.117647e+00	0.000000e+00	2	0.000000e+00
1.055556e+00	1.055556e+00	0.000000e+00	2	0.000000e+00
1.000000e+00	1.117647e+00	0.000000e+00	2	0.000000e+00
1.000000e+00	1.117647e+00	0.000000e+00	2	0.000000e+00
1.000000e+00	1.117647e+00	0.000000e+00	2	2.361111e-01
1.000000e+00	1.117647e+00	0.000000e+00	2	0.000000e+00
1.000000e+00	1.187500e+00	0.000000e+00	3	0.000000e+00
1.055556e+00	1.117647e+00	0.000000e+00	3	0.000000e+00
1.000000e+00	1.187500e+00	0.000000e+00	3	0.000000e+00
1.055556e+00	1.117647e+00	0.000000e+00	3	0.000000e+00
1.000000e+00	1.187500e+00	0.000000e+00	3	0.000000e+00
1.000000e+00	1.187500e+00	0.000000e+00	3	0.000000e+00
1.000000e+00	1.187500e+00	0.000000e+00	3	0.000000e+00
1.000000e+00	1.187500e+00	0.000000e+00	3	0.000000e+00
1.000000e+00	1.187500e+00	0.000000e+00	3	0.000000e+00
1.055556e+00	1.117647e+00	0.000000e+00	3	0.000000e+00
1.055556e+00	1.117647e+00	0.000000e+00	3	0.000000e+00
1.055556e+00	1.117647e+00	0.000000e+00	3	0.000000e+00
1.000000e+00	1.187500e+00	0.000000e+00	3	0.000000e+00
1.117647e+00	1.055556e+00	0.000000e+00	3	0.000000e+00
1.055556e+00	1.117647e+00	0.000000e+00	3	0.000000e+00
1.117647e+00	1.055556e+00	0.000000e+00	3	0.000000e+00
1.000000e+00	1.187500e+00	0.000000e+00	3	0.000000e+00
1.000000e+00	1.187500e+00	0.000000e+00	3	0.000000e+00
1.117647e+00	1.055556e+00	0.000000e+00	3	0.000000e+00
1.055556e+00	1.117647e+00	0.000000e+00	3	0.000000e+00
1.000000e+00	1.187500e+00	0.000000e+00	3	0.000000e+00
1.055556e+00	1.117647e+00	0.000000e+00	3	0.000000e+00
1.000000e+00	1.187500e+00	0.000000e+00	3	0.000000e+00
1.000000e+00	1.187500e+00	0.000000e+00	3	0.000000e+00
1.055556e+00	1.117647e+00	0.000000e+00	3	0.000000e+00
1.055556e+00	1.117647e+00	0.000000e+00	3	0.000000e+00
1.000000e+00	1.187500e+00	0.000000e+00	3	0.000000e+00
1.000000e+00	1.187500e+00	0.000000e+00	3	0.000000e+00
1.000000e+00	1.187500e+00	0.000000e+00	3	0.000000e+00
1.000000e+00	1.187500e+00	0.000000e+00	3	0.000000e+00
1.000000e+00	1.187500e+00	0.000000e+00	3	0.000000e+00
1.000000e+00	1.187500e+00	0.000000e+00	3	0.000000e+00
1.055556e+00	1.117647e+00	0.000000e+00	3	0.000000e+00
1.055556e+00	1.117647e+00	0.000000e+00	3	0.000000e+00
1.055556e+00	1.117647e+00	0.000000e+00	3	0.000000e+00
1.055556e+00	1.117647e+00	0.000000e+00	3	0.000000e+00
1.000000e+00	1.187500e+00	0.000000e+00	3	0.000000e+00
1.000000e+00	1.187500e+00	0.000000e+00	3	0.000000e+00
1.055556e+00	1.117647e+00	0.000000e+00	3	0.000000e+00
1.000000e+00	1.187500e+00	0.000000e+00	3	0.000000e+00
1.117647e+00	1.055556e+00	0.000000e+00	3	0.000000e+00
1.117647e+00	1.055556e+00	0.000000e+00	3	0.000000e+00
1.000000e+00	1.187500e+00	0.000000e+00	3	0.000000e+00
1.000000e+00	1.187500e+00	0.000000e+00	3	0.000000e+00
1.000000e+00	1.187500e+00	0.000000e+00	3	0.000000e+00
1.055556e+00	1.117647e+00	0.000000e+00	3	0.000000e+00
1.000000e+00	1.187500e+00	0.000000e+00	3	1.000000e+14
1.000000e+00	1.187500e+00	0.000000e+00	3	0.000000e+00
1.055556e+00	1.117647e+00	0.000000e+00	3	0.000000e+00
1.117647e+00	1.055556e+00	0.000000e+00	3	2.352941e-01
1.117647e+00	1.055556e+00	0.000000e+00	3	0.000000e+00
1.055556e+00	1.117647e+00	0.000000e+00	3	0.000000e+00
1.000000e+00	1.187500e+00	0.000000e+00	3	0.000000e+00
1.000000e+00	1.187500e+00	0.000000e+00	3	0.000000e+00
1.055556e+00	1.117647e+00	0.000000e+00	3	0.000000e+00
1.055556e+00	1.117647e+00	0.000000e+00	3	0.000000e+00
1.000000e+00	1.187500e+00	0.000000e+00	3	0.000000e+00
1.000000e+00	1.187500e+00	0.000000e+00	3	0.000000e+00
1.000000e+00	1.187500e+00	0.000000e+00	3	0.000000e+00
1.000000e+00	1.187500e+00	0.000000e+00	3	0.000000e+00
1.055556e+00	1.117647e+00	0.000000e+00	3	0.000000e+00
1.055556e+00	1.117647e+00	0.000000e+00	3	0.000000e+00
1.055556e+00	1.117647e+00	0.000000e+00	3	0.000000e+00
1.117647e+00	1.055556e+00	0.000000e+00	3	0.000000e+00
1.055556e+00	1.117647e+00	0.000000e+00	3	0.000000e+00
1.000000e+00	1.187500e+00	0.000000e+00	3	0.000000e+00
1.055556e+00	1.117647e+00	0.000000e+00	3	0.000000e+00
1.000000e+00	1.187500e+00	0.000000e+00	3	0.000000e+00
1.000000e+00	1.187500e+00	0.000000e+00	3	0.000000e+00
1.000000e+00	1.187500e+00	0.000000e+00	3	0.000000e+00
1.055556e+00	1.117647e+00	0.000000e+00	3	0.000000e+00
1.055556e+00	1.117647e+00	0.000000e+00	3	0.000000e+00
1.055556e+00	1.117647e+00	0.000000e+00	3	0.000000e+00
1.000000e+00	1.187500e+00	0.000000e+00	3	0.000000e+00
1.000000e+00	1.187500e+00	0.000000e+00	3	0.000000e+00
1.000000e+00	1.187500e+00	0.000000e+00	3	0.000000e+00
1.000000e+00	1.187500e+00	0.000000e+00	3	0.000000e+00
1.000000e+00	1.187500e+00	0.000000e+00	3	0.000000e+00
1.000000e+00	1.187500e+00	0.000000e+00	3	0.000000e+00
1.000000e+00	1.187500e+00	0.000000e+00	3	0.000000e+00
1.000000e+00	1.187500e+00	0.000000e+00	3	0.000000e+00
1.000000e+00	1.187500e+00	0.000000e+00	3	0.000000e+00
1.117647e+00	1.055556e+00	0.000000e+00	3	0.000000e+00
1.000000e+00	1.187500e+00	0.000000e+00	3	0.000000e+00
1.000000e+00	1.187500e+00	0.000000e+00	3	0.000000e+00
1.000000e+00	1.187500e+00	0.000000e+00	3	0.000000e+00
1.000000e+00	1.187500e+00	0.000000e+00	3	0.000000e+00
1.055556e+00	1.117647e+00	0.000000e+00	3	0.000000e+00
1.000000e+00	1.187500e+00	0.000000e+00	3	0.000000e+00
1.000000e+00	1.187500e+00	0.000000e+00	3	0.000000e+00
1.055556e+00	1.117647e+00	0.000000e+00	3	2.352941e-01
1.055556e+00	1.117647e+00	0.000000e+00	3	0.000000e+00
1.055556e+00	1.117647e+00	0.000000e+00	3	0.000000e+00
1.055556e+00	1.117647e+00	0.000000e+00	3	0.000000e+00
1.000000e+00	1.187500e+00	0.000000e+00	3	0.000000e+00
1.055556e+00	1.117647e+00	0.000000e+00	3	0.000000e+00
1.000000e+00	1.187500e+00	0.000000e+00	3	0.000000e+00
1.000000e+00	1.187500e+00	0.000000e+00	3	0.000000e+00
1.055556e+00	1.117647e+00	0.000000e+00	3	0.000000e+00
1.000000e+00	1.187500e+00	0.000000e+00	3	0.000000e+00
1.000000e+00	1.187500e+00	0.000000e+00	3	0.000000e+00
1.000000e+00	1.187500e+00	0.000000e+00	3	0.000000e+00
1.000000e+00	1.187500e+00	0.000000e+00	3	2.647059e-01
1.117647e+00	1.055556e+00	0.000000e+00	3	0.000000e+00
1.117647e+00	1.055556e+00	0.000000e+00	3	1.000000e+14
1.000000e+00	1.187500e+00	0.000000e+00	3	0.000000e+00
1.055556e+00	1.117647e+00	0.000000e+00	3	0.000000e+00
1.000000e+00	1.187500e+00	0.000000e+00	3	0.000000e+00
1.000000e+00	1.187500e+00	0.000000e+00	3	0.000000e+00
1.000000e+00	1.187500e+00	0.000000e+00	3	0.000000e+00
1.000000e+00	1.187500e+00	0.000000e+00	3	0.000000e+00
1.000000e+00	1.187500e+00	0.000000e+00	3	0.000000e+00
1.000000e+00	1.187500e+00	0.000000e+00	3	0.000000e+00
1.000000e+00	1.187500e+00	0.000000e+00	3	0.000000e+00
1.117647e+00	1.055556e+00	0.000000e+00	3	0.000000e+00
1.000000e+00	1.187500e+00	0.000000e+00	3	0.000000e+00
1.117647e+00	1.055556e+00	0.000000e+00	3	2.638889e-01
1.000000e+00	1.187500e+00	0.000000e+00	3	0.000000e+00
1.055556e+00	1.117647e+00	0.000000e+00	3	0.000000e+00
1.055556e+00	1.117647e+00	0.000000e+00	3	0.000000e+00
1.055556e+00	1.117647e+00	0.000000e+00	3	0.000000e+00
1.000000e+00	1.187500e+00	0.000000e+00	3	0.000000e+00
1.000000e+00	1.187500e+00	0.000000e+00	3	0.000000e+00
1.055556e+00	1.117647e+00	0.000000e+00	3	0.000000e+00
1.000000e+00	1.187500e+00	0.000000e+00	3	0.000000e+00
1.055556e+00	1.117647e+00	0.000000e+00	3	0.000000e+00
1.055556e+00	1.117647e+00	0.000000e+00	3	0.000000e+00
1.000000e+00	1.187500e+00	0.000000e+00	3	2.361111e-01
1.000000e+00	1.187500e+00	0.000000e+00	3	0.000000e+00
1.000000e+00	1.187500e+00	0.000000e+00	3	0.000000e+00
1.000000e+00	1.187500e+00	0.000000e+00	3	0.000000e+00
1.000000e+00	1.187500e+00	0.000000e+00	3	0.000000e+00
1.000000e+00	1.187500e+00	0.000000e+00	3	0.000000e+00
1.000000e+00	1.187500e+00	0.000000e+00	3	0.000000e+00
1.000000e+00	1.187500e+00	0.000000e+00	3	0.000000e+00
1.000000e+00	1.187500e+00	0.000000e+00	3	0.000000e+00
1.000000e+00	1.187500e+00	0.000000e+00	3	0.000000e+00
1.055556e+00	1.117647e+00	0.000000e+00	3	2.647059e-01
1.117647e+00	1.055556e+00	0.000000e+00	3	0.000000e+00
1.117647e+00	1.055556e+00	0.000000e+00	3	0.000000e+00
1.055556e+00	1.117647e+00	0.000000e+00	3	0.000000e+00
1.055556e+00	1.117647e+00	0.000000e+00	3	0.000000e+00
1.055556e+00	1.117647e+00	0.000000e+00	3	0.000000e+00
1.117647e+00	1.055556e+00	0.000000e+00	3	0.000000e+00
1.055556e+00	1.117647e+00	0.000000e+00	3	0.000000e+00
1.055556e+00	1.117647e+00	0.000000e+00	3	0.000000e+00
1.000000e+00	1.187500e+00	0.000000e+00	3	0.000000e+00
1.000000e+00	1.187500e+00	0.000000e+00	3	0.000000e+00
1.055556e+00	1.117647e+00	0.000000e+00	3	0.000000e+00
1.055556e+00	1.117647e+00	0.000000e+00	3	0.000000e+00
1.000000e+00	1.187500e+00	0.000000e+00	3	0.000000e+00
1.000000e+00	1.187500e+00	0.000000e+00	3	0.000000e+00
1.055556e+00	1.117647e+00	0.000000e+00	3	2.638889e-01
1.000000e+00	1.187500e+00	0.000000e+00	3	0.000000e+00
1.000000e+00	1.187500e+00	0.000000e+00	3	0.000000e+00
1.000000e+00	1.187500e+00	0.000000e+00	3	0.000000e+00
1.055556e+00	1.117647e+00	0.000000e+00	3	0.000000e+00
1.055556e+00	1.117647e+00	0.000000e+00	3	0.000000e+00
1.055556e+00	1.117647e+00	0.000000e+00	3	0.000000e+00
1.000000e+00	1.187500e+00	0.000000e+00	3	0.000000e+00
1.000000e+00	1.187500e+00	0.000000e+00	3	0.000000e+00
1.000000e+00	1.187500e+00	0.000000e+00	3	0.000000e+00
1.000000e+00	1.187500e+00	0.000000e+00	3	0.000000e+00
1.000000e+00	1.187500e+00	0.000000e+00	3	0.000000e+00
1.055556e+00	1.117647e+00	0.000000e+00	3	2.361111e-01
1.000000e+00	1.187500e+00	0.000000e+00	3	0.000000e+00
1.055556e+00	1.117647e+00	0.000000e+00	3	0.000000e+00
1.000000e+00	1.187500e+00	0.000000e+00	3	0.000000e+00
1.055556e+00	1.117647e+00	0.000000e+00	3	0.000000e+00
1.055556e+00	1.117647e+00	0.000000e+00	3	0.000000e+00
1.055556e+00	1.117647e+00	0.000000e+00	3	0.000000e+00
1.000000e+00	1.187500e+00	0.000000e+00	3	0.000000e+00
1.055556e+00	1.117647e+00	0.000000e+00	3	0.000000e+00
1.000000e+00	1.187500e+00	0.000000e+00	3	0.000000e+00
1.000000e+00	1.187500e+00	0.000000e+00	3	0.000000e+00
1.000000e+00	1.187500e+00	0.000000e+00	3	0.000000e+00
1.055556e+00	1.117647e+00	0.000000e+00	3	0.000000e+00
1.055556e+00	1.117647e+00	0.000000e+00	3	0.000000e+00
1.000000e+00	1.187500e+00	0.000000e+00	3	0.000000e+00
1.000000e+00	1.187500e+00	0.000000e+00	3	0.000000e+00
1.055556e+00	1.117647e+00	0.000000e+00	3	0.000000e+00
1.000000e+00	1.187500e+00	0.000000e+00	3	0.000000e+00
1.055556e+00	1.117647e+00	0.000000e+00	3	0.000000e+00
1.000000e+00	1.187500e+00	0.000000e+00	3	0.000000e+00
1.055556e+00	1.187500e+00	0.000000e+00	4	0.000000e+00
1.000000e+00	1.266667e+00	0.000000e+00	4	0.000000e+00
1.000000e+00	1.266667e+00	0.000000e+00	4	0.000000e+00
1.055556e+00	1.187500e+00	0.000000e+00	4	0.000000e+00
1.055556e+00	1.187500e+00	0.000000e+00	4	0.000000e+00
1.055556e+00	1.187500e+00	0.000000e+00	4	0.000000e+00
1.055556e+00	1.187500e+00	0.000000e+00	4	0.000000e+00
1.000000e+00	1.266667e+00	0.000000e+00	4	0.000000e+00
1.055556e+00	1.187500e+00	0.000000e+00	4	0.000000e+00
1.000000e+00	1.266667e+00	0.000000e+00	4	0.000000e+00
1.055556e+00	1.187500e+00	0.000000e+00	4	0.000000e+00
1.117647e+00	1.117647e+00	0.000000e+00	4	0.000000e+00
1.000000e+00	1.266667e+00	0.000000e+00	4	0.000000e+00
1.000000e+00	1.266667e+00	0.000000e+00	4	0.000000e+00
1.000000e+00	1.266667e+00	0.000000e+00	4	0.000000e+00
1.055556e+00	1.187500e+00	0.000000e+00	4	0.000000e+00
1.055556e+00	1.187500e+00	0.000000e+00	4	0.000000e+00
1.055556e+00	1.187500e+00	0.000000e+00	4	0.000000e+00
1.000000e+00	1.266667e+00	0.000000e+00	4	0.000000e+00
1.055556e+00	1.187500e+00	0.000000e+00	4	1.655773e-01
1.000000e+00	1.266667e+00	0.000000e+00	4	0.000000e+00
1.055556e+00	1.187500e+00	0.000000e+00	4	0.000000e+00
1.000000e+00	1.266667e+00	0.000000e+00	4	0.000000e+00
1.055556e+00	1.187500e+00	0.000000e+00	4	0.000000e+00
1.055556e+00	1.187500e+00	0.000000e+00	4	0.000000e+00
1.117647e+00	1.117647e+00	0.000000e+00	4	0.000000e+00
1.000000e+00	1.266667e+00	0.000000e+00	4	0.000000e+00
1.055556e+00	1.187500e+00	0.000000e+00	4	1.481481e-01
1.055556e+00	1.187500e+00	0.000000e+00	4	0.000000e+00
1.000000e+00	1.266667e+00	0.000000e+00	4	0.000000e+00
1.000000e+00	1.266667e+00	0.000000e+00	4	0.000000e+00
1.000000e+00	1.266667e+00	0.000000e+00	4	0.000000e+00
1.055556e+00	1.187500e+00	0.000000e+00	4	0.000000e+00
1.117647e+00	1.117647e+00	0.000000e+00	4	0.000000e+00
1.055556e+00	1.187500e+00	0.000000e+00	4	0.000000e+00
1.117647e+00	1.117647e+00	0.000000e+00	4	0.000000e+00
1.000000e+00	1.266667e+00	0.000000e+00	4	0.000000e+00
1.000000e+00	1.266667e+00	0.000000e+00	4	0.000000e+00
1.055556e+00	1.187500e+00	0.000000e+00	4	0.000000e+00
1.055556e+00	1.187500e+00	0.000000e+00	4	0.000000e+00
1.055556e+00	1.187500e+00	0.000000e+00	4	0.000000e+00
1.000000e+00	1.266667e+00	0.000000e+00	4	0.000000e+00
1.117647e+00	1.117647e+00	0.000000e+00	4	0.000000e+00
1.055556e+00	1.187500e+00	0.000000e+00	4	0.000000e+00
1.000000e+00	1.266667e+00	0.000000e+00	4	0.000000e+00
1.055556e+00	1.187500e+00	0.000000e+00	4	0.000000e+00
1.000000e+00	1.266667e+00	0.000000e+00	4	0.000000e+00
1.000000e+00	1.266667e+00	0.000000e+00	4	0.000000e+00
1.000000e+00	1.266667e+00	0.000000e+00	4	0.000000e+00
1.000000e+00	1.266667e+00	0.000000e+00	4	0.000000e+00
1.000000e+00	1.266667e+00	0.000000e+00	4	0.000000e+00
1.055556e+00	1.187500e+00	0.000000e+00	4	0.000000e+00
1.000000e+00	1.266667e+00	0.000000e+00	4	0.000000e+00
1.117647e+00	1.117647e+00	0.000000e+00	4	0.000000e+00
1.055556e+00	1.187500e+00	0.000000e+00	4	0.000000e+00
1.000000e+00	1.266667e+00	0.000000e+00	4	0.000000e+00
1.000000e+00	1.266667e+00	0.000000e+00	4	0.000000e+00
1.000000e+00	1.266667e+00	0.000000e+00	4	0.000000e+00
1.055556e+00	1.187500e+00	0.000000e+00	4	0.000000e+00
1.055556e+00	1.187500e+00	0.000000e+00	4	0.000000e+00
1.055556e+00	1.187500e+00	0.000000e+00	4	0.000000e+00
1.000000e+00	1.266667e+00	0.000000e+00	4	0.000000e+00
1.055556e+00	1.187500e+00	0.000000e+00	4	0.000000e+00
1.000000e+00	1.266667e+00	0.000000e+00	4	0.000000e+00
1.000000e+00	1.266667e+00	0.000000e+00	4	0.000000e+00
1.117647e+00	1.117647e+00	0.000000e+00	4	0.000000e+00
1.000000e+00	1.266667e+00	0.000000e+00	4	0.000000e+00
1.055556e+00	1.187500e+00	0.000000e+00	4	0.000000e+00
1.055556e+00	1.187500e+00	0.000000e+00	4	0.000000e+00
1.000000e+00	1.266667e+00	0.000000e+00	4	0.000000e+00
1.117647e+00	1.117647e+00	0.000000e+00	4	0.000000e+00
1.117647e+00	1.117647e+00	0.000000e+00	4	0.000000e+00
1.000000e+00	1.266667e+00	0.000000e+00	4	0.000000e+00
1.000000e+00	1.266667e+00	0.000000e+00	4	0.000000e+00
1.117647e+00	1.117647e+00	0.000000e+00	4	0.000000e+00
1.000000e+00	1.266667e+00	0.000000e+00	4	1.481481e-01
1.055556e+00	1.187500e+00	0.000000e+00	4	0.000000e+00
1.000000e+00	1.266667e+00	0.000000e+00	4	0.000000e+00
1.055556e+00	1.187500e+00	0.000000e+00	4	1.875000e-01
1.000000e+00	1.266667e+00	0.000000e+00	4	1.875000e-01
1.000000e+00	1.266667e+00	0.000000e+00	4	0.000000e+00
1.000000e+00	1.266667e+00	0.000000e+00	4	0.000000e+00
1.117647e+00	1.117647e+00	0.000000e+00	4	0.000000e+00
1.117647e+00	1.117647e+00	0.000000e+00	4	0.000000e+00
1.000000e+00	1.266667e+00	0.000000e+00	4	0.000000e+00
1.000000e+00	1.266667e+00	0.000000e+00	4	0.000000e+00
1.000000e+00	1.266667e+00	0.000000e+00	4	0.000000e+00
1.117647e+00	1.117647e+00	0.000000e+00	4	0.000000e+00
1.055556e+00	1.187500e+00	0.000000e+00	4	0.000000e+00
1.055556e+00	1.187500e+00	0.000000e+00	4	0.000000e+00
1.000000e+00	1.266667e+00	0.000000e+00	4	0.000000e+00
1.117647e+00	1.117647e+00	0.000000e+00	4	0.000000e+00
1.055556e+00	1.187500e+00	0.000000e+00	4	0.000000e+00
1.117647e+00	1.117647e+00	0.000000e+00	4	1.654412e-01
1.000000e+00	1.266667e+00	0.000000e+00	4	0.000000e+00
1.055556e+00	1.187500e+00	0.000000e+00	4	0.000000e+00
1.055556e+00	1.187500e+00	0.000000e+00	4	0.000000e+00
1.055556e+00	1.187500e+00	0.000000e+00	4	0.000000e+00
1.055556e+00	1.187500e+00	0.000000e+00	4	0.000000e+00
1.000000e+00	1.266667e+00	0.000000e+00	4	0.000000e+00
1.055556e+00	1.187500e+00	0.000000e+00	4	0.000000e+00
1.000000e+00	1.266667e+00	0.000000e+00	4	0.000000e+00
1.117647e+00	1.117647e+00	0.000000e+00	4	0.000000e+00
1.117647e+00	1.117647e+00	0.000000e+00	4	0.000000e+00
1.187500e+00	1.055556e+00	0.000000e+00	4	1.470588e-01
1.117647e+00	1.117647e+00	0.000000e+00	4	0.000000e+00
1.000000e+00	1.266667e+00	0.000000e+00	4	0.000000e+00
1.055556e+00	1.187500e+00	0.000000e+00	4	0.000000e+00
1.000000e+00	1.266667e+00	0.000000e+00	4	0.000000e+00
1.000000e+00	1.266667e+00	0.000000e+00	4	0.000000e+00
1.000000e+00	1.266667e+00	0.000000e+00	4	0.000000e+00
1.000000e+00	1.266667e+00	0.000000e+00	4	0.000000e+00
1.000000e+00	1.266667e+00	0.000000e+00	4	0.000000e+00
1.055556e+00	1.187500e+00	0.000000e+00	4	0.000000e+00
1.055556e+00	1.187500e+00	0.000000e+00	4	0.000000e+00
1.055556e+00	1.187500e+00	0.000000e+00	4	0.000000e+00
1.055556e+00	1.187500e+00	0.000000e+00	4	0.000000e+00
1.055556e+00	1.187500e+00	0.000000e+00	4	0.000000e+00
1.000000e+00	1.266667e+00	0.000000e+00	4	0.000000e+00
1.000000e+00	1.266667e+00	0.000000e+00	4	0.000000e+00
1.000000e+00	1.266667e+00	0.000000e+00	4	0.000000e+00
1.000000e+00	1.266667e+00	0.000000e+00	4	0.000000e+00
1.000000e+00	1.266667e+00	0.000000e+00	4	0.000000e+00
1.055556e+00	1.187500e+00	0.000000e+00	4	0.000000e+00
1.055556e+00	1.187500e+00	0.000000e+00	4	0.000000e+00
1.000000e+00	1.266667e+00	0.000000e+00	4	0.000000e+00
1.000000e+00	1.266667e+00	0.000000e+00	4	0.000000e+00
1.117647e+00	1.117647e+00	0.000000e+00	4	0.000000e+00
1.000000e+00	1.266667e+00	0.000000e+00	4	0.000000e+00
1.000000e+00	1.266667e+00	0.000000e+00	4	1.000000e+14
1.055556e+00	1.187500e+00	0.000000e+00	4	0.000000e+00
1.117647e+00	1.117647e+00	0.000000e+00	4	0.000000e+00
1.000000e+00	1.266667e+00	0.000000e+00	4	0.000000e+00
1.055556e+00	1.187500e+00	0.000000e+00	4	0.000000e+00
1.055556e+00	1.187500e+00	0.000000e+00	4	0.000000e+00
1.000000e+00	1.266667e+00	0.000000e+00	4	0.000000e+00
1.055556e+00	1.187500e+00	0.000000e+00	4	0.000000e+00
1.055556e+00	1.187500e+00	0.000000e+00	4	0.000000e+00
1.000000e+00	1.266667e+00	0.000000e+00	4	0.000000e+00
1.000000e+00	1.266667e+00	0.000000e+00	4	0.000000e+00
1.055556e+00	1.187500e+00	0.000000e+00	4	0.000000e+00
1.055556e+00	1.187500e+00	0.000000e+00	4	0.000000e+00
1.117647e+00	1.117647e+00	0.000000e+00	4	0.000000e+00
1.000000e+00	1.266667e+00	0.000000e+00	4	0.000000e+00
1.000000e+00	1.266667e+00	0.000000e+00	4	0.000000e+00
1.117647e+00	1.117647e+00	0.000000e+00	4	1.862745e-01
1.055556e+00	1.187500e+00	0.000000e+00	4	0.000000e+00
1.055556e+00	1.187500e+00	0.000000e+00	4	0.000000e+00
1.000000e+00	1.266667e+00	0.000000e+00	4	0.000000e+00
1.000000e+00	1.266667e+00	0.000000e+00	4	0.000000e+00
1.055556e+00	1.187500e+00	0.000000e+00	4	0.000000e+00
1.000000e+00	1.266667e+00	0.000000e+00	4	0.000000e+00
1.055556e+00	1.187500e+00	0.000000e+00	4	0.000000e+00
1.117647e+00	1.117647e+00	0.000000e+00	4	0.000000e+00
1.000000e+00	1.266667e+00	0.000000e+00	4	0.000000e+00
1.055556e+00	1.187500e+00	0.000000e+00	4	0.000000e+00
1.000000e+00	1.266667e+00	0.000000e+00	4	0.000000e+00
1.055556e+00	1.187500e+00	0.000000e+00	4	0.000000e+00
1.055556e+00	1.187500e+00	0.000000e+00	4	0.000000e+00
1.000000e+00	1.266667e+00	0.000000e+00	4	0.000000e+00
1.055556e+00	1.187500e+00	0.000000e+00	4	0.000000e+00
1.055556e+00	1.187500e+00	0.000000e+00	4	0.000000e+00
1.055556e+00	1.187500e+00	0.000000e+00	4	0.000000e+00
1.000000e+00	1.266667e+00	0.000000e+00	4	0.000000e+00
1.000000e+00	1.266667e+00	0.000000e+00	4	0.000000e+00
1.000000e+00	1.266667e+00	0.000000e+00	4	0.000000e+00
1.000000e+00	1.266667e+00	0.000000e+00	4	0.000000e+00
1.000000e+00	1.266667e+00	0.000000e+00	4	0.000000e+00
1.000000e+00	1.266667e+00	0.000000e+00	4	0.000000e+00
1.000000e+00	1.266667e+00	0.000000e+00	4	0.000000e+00
1.117647e+00	1.117647e+00	0.000000e+00	4	1.655773e-01
1.000000e+00	1.266667e+00	0.000000e+00	4	0.000000e+00
1.000000e+00	1.266667e+00	0.000000e+00	4	0.000000e+00
1.000000e+00	1.266667e+00	0.000000e+00	4	0.000000e+00
1.000000e+00	1.266667e+00	0.000000e+00	4	0.000000e+00
1.055556e+00	1.187500e+00	0.000000e+00	4	0.000000e+00
1.000000e+00	1.266667e+00	0.000000e+00	4	0.000000e+00
1.000000e+00	1.266667e+00	0.000000e+00	4	0.000000e+00
1.055556e+00	1.187500e+00	0.000000e+00	4	0.000000e+00
1.000000e+00	1.266667e+00	0.000000e+00	4	0.000000e+00
1.055556e+00	1.187500e+00	0.000000e+00	4	0.000000e+00
1.117647e+00	1.117647e+00	0.000000e+00	4	1.470588e-01
1.055556e+00	1.187500e+00	0.000000e+00	4	0.000000e+00
1.000000e+00	1.266667e+00	0.000000e+00	4	0.000000e+00
1.000000e+00	1.266667e+00	0.000000e+00	4	0.000000e+00
1.055556e+00	1.187500e+00	0.000000e+00	4	0.000000e+00
1.000000e+00	1.266667e+00	0.000000e+00	4	0.000000e+00
1.055556e+00	1.187500e+00	0.000000e+00	4	0.000000e+00
1.000000e+00	1.266667e+00	0.000000e+00	4	0.000000e+00
1.000000e+00	1.266667e+00	0.000000e+00	4	0.000000e+00
1.000000e+00	1.266667e+00	0.000000e+00	4	0.000000e+00
1.000000e+00	1.266667e+00	0.000000e+00	4	0.000000e+00
1.055556e+00	1.187500e+00	0.000000e+00	4	0.000000e+00
1.000000e+00	1.266667e+00	0.000000e+00	4	0.000000e+00
1.055556e+00	1.187500e+00	0.000000e+00	4	0.000000e+00
1.000000e+00	1.266667e+00	0.000000e+00	4	0.000000e+00
1.000000e+00	1.266667e+00	0.000000e+00	4	0.000000e+00
1.055556e+00	1.187500e+00	0.000000e+00	4	0.000000e+00
1.000000e+00	1.266667e+00	0.000000e+00	4	0.000000e+00
1.000000e+00	1.266667e+00	0.000000e+00	4	0.000000e+00
1.187500e+00	1.055556e+00	0.000000e+00	4	1.862745e-01
1.000000e+00	1.266667e+00	0.000000e+00	4	0.000000e+00
1.000000e+00	1.266667e+00	0.000000e+00	4	0.000000e+00
1.055556e+00	1.187500e+00	0.000000e+00	4	0.000000e+00
1.000000e+00	1.266667e+00	0.000000e+00	4	0.000000e+00
1.055556e+00	1.187500e+00	0.000000e+00	4	0.000000e+00
1.000000e+00	1.266667e+00	0.000000e+00	4	0.000000e+00
1.000000e+00	1.266667e+00	0.000000e+00	4	0.000000e+00
1.000000e+00	1.266667e+00	0.000000e+00	4	0.000000e+00
1.000000e+00	1.266667e+00	0.000000e+00	4	0.000000e+00
1.000000e+00	1.266667e+00	0.000000e+00	4	0.000000e+00
1.000000e+00	1.266667e+00	0.000000e+00	4	0.000000e+00
1.055556e+00	1.187500e+00	0.000000e+00	4	0.000000e+00
1.055556e+00	1.187500e+00	0.000000e+00	4	0.000000e+00
1.055556e+00	1.187500e+00	0.000000e+00	4	0.000000e+00
1.055556e+00	1.187500e+00	0.000000e+00	4	0.000000e+00
1.055556e+00	1.187500e+00	0.000000e+00	4	0.000000e+00
1.000000e+00	1.266667e+00	0.000000e+00	4	0.000000e+00
1.117647e+00	1.117647e+00	0.000000e+00	4	0.000000e+00
1.000000e+00	1.266667e+00	0.000000e+00	4	0.000000e+00
1.187500e+00	1.055556e+00	0.000000e+00	4	1.000000e+14
1.117647e+00	1.117647e+00	0.000000e+00	4	0.000000e+00
1.000000e+00	1.266667e+00	0.000000e+00	4	0.000000e+00
1.055556e+00	1.187500e+00	0.000000e+00	4	0.000000e+00
1.117647e+00	1.117647e+00	0.000000e+00	4	0.000000e+00
1.055556e+00	1.187500e+00	0.000000e+00	4	0.000000e+00
1.055556e+00	1.187500e+00	0.000000e+00	4	0.000000e+00
1.117647e+00	1.117647e+00	0.000000e+00	4	0.000000e+00
1.117647e+00	1.117647e+00	0.000000e+00	4	0.000000e+00
1.000000e+00	1.266667e+00	0.000000e+00	4	0.000000e+00
1.055556e+00	1.187500e+00	0.000000e+00	4	1.654412e-01
1.000000e+00	1.266667e+00	0.000000e+00	4	0.000000e+00
1.187500e+00	1.055556e+00	0.000000e+00	4	0.000000e+00
