# This file contains the data of final population
# of objectives = 2, # of constraints = 0, # of real_var = 0, # of bits of bin_var = 0, constr_violation, rank, crowding_distance
1.700000e+01	2.300000e+01	0.000000e+00	1	1.586922e-01
8.000000e+00	4.900000e+01	0.000000e+00	1	1.515152e-02
1.000000e+01	3.500000e+01	0.000000e+00	1	1.092504e-01
2.200000e+01	1.900000e+01	0.000000e+00	1	5.661882e-02
3.000000e+01	1.300000e+01	0.000000e+00	1	1.323764e-01
2.000000e+01	2.200000e+01	0.000000e+00	1	5.861244e-02
3.400000e+01	1.200000e+01	0.000000e+00	1	1.929825e-01
1.300000e+01	2.600000e+01	0.000000e+00	1	1.678628e-01
4.100000e+01	1.100000e+01	0.000000e+00	1	1.000000e+14
2.300000e+01	1.800000e+01	0.000000e+00	1	1.415470e-01
2.100000e+01	2.000000e+01	0.000000e+00	1	6.977671e-02
9.000000e+00	3.900000e+01	0.000000e+00	1	2.145136e-01
1.100000e+01	3.300000e+01	0.000000e+00	1	9.609250e-02
1.200000e+01	3.000000e+01	0.000000e+00	1	1.224083e-01
2.700000e+01	1.400000e+01	0.000000e+00	1	1.718501e-01
2.000000e+01	2.200000e+01	0.000000e+00	1	4.146730e-02
8.000000e+00	4.900000e+01	0.000000e+00	1	1.000000e+14
2.000000e+01	2.300000e+01	0.000000e+00	2	9.203297e-02
2.000000e+01	2.300000e+01	0.000000e+00	2	1.785714e-02
2.000000e+01	2.300000e+01	0.000000e+00	2	3.846154e-02
2.900000e+01	1.400000e+01	0.000000e+00	2	1.703297e-01
2.700000e+01	1.700000e+01	0.000000e+00	2	7.554945e-02
2.800000e+01	1.500000e+01	0.000000e+00	2	9.203297e-02
9.000000e+00	4.100000e+01	0.000000e+00	2	1.000000e+14
2.300000e+01	1.900000e+01	0.000000e+00	2	3.708791e-02
1.500000e+01	2.600000e+01	0.000000e+00	2	5.631868e-02
1.500000e+01	2.600000e+01	0.000000e+00	2	7.417582e-02
2.300000e+01	1.900000e+01	0.000000e+00	2	3.708791e-02
3.500000e+01	1.300000e+01	0.000000e+00	2	1.000000e+14
1.300000e+01	2.800000e+01	0.000000e+00	2	1.648352e-01
2.400000e+01	1.800000e+01	0.000000e+00	2	1.126374e-01
2.700000e+01	1.700000e+01	0.000000e+00	2	5.494505e-02
2.300000e+01	1.900000e+01	0.000000e+00	2	0.000000e+00
1.200000e+01	3.200000e+01	0.000000e+00	2	1.991758e-01
2.200000e+01	2.000000e+01	0.000000e+00	2	1.291209e-01
1.100000e+01	3.700000e+01	0.000000e+00	2	1.456044e-01
1.500000e+01	2.600000e+01	0.000000e+00	2	0.000000e+00
1.000000e+01	3.800000e+01	0.000000e+00	2	1.098901e-01
1.700000e+01	2.500000e+01	0.000000e+00	2	9.340659e-02
1.800000e+01	2.400000e+01	0.000000e+00	2	5.631868e-02
1.800000e+01	2.400000e+01	0.000000e+00	2	3.708791e-02
1.200000e+01	3.300000e+01	0.000000e+00	3	1.404762e-01
1.100000e+01	3.800000e+01	0.000000e+00	3	3.452381e-02
1.100000e+01	3.800000e+01	0.000000e+00	3	1.666667e-02
1.100000e+01	3.800000e+01	0.000000e+00	3	8.928571e-02
2.800000e+01	1.600000e+01	0.000000e+00	3	1.202381e-01
2.200000e+01	2.100000e+01	0.000000e+00	3	8.690476e-02
1.400000e+01	2.900000e+01	0.000000e+00	3	1.571429e-01
2.400000e+01	1.900000e+01	0.000000e+00	3	8.571429e-02
2.100000e+01	2.300000e+01	0.000000e+00	3	3.452381e-02
2.100000e+01	2.300000e+01	0.000000e+00	3	6.904762e-02
2.600000e+01	1.800000e+01	0.000000e+00	3	6.904762e-02
2.600000e+01	1.800000e+01	0.000000e+00	3	5.119048e-02
1.300000e+01	3.200000e+01	0.000000e+00	3	3.452381e-02
1.300000e+01	3.200000e+01	0.000000e+00	3	7.023810e-02
9.000000e+00	4.200000e+01	0.000000e+00	3	1.000000e+14
1.600000e+01	2.600000e+01	0.000000e+00	3	1.380952e-01
3.900000e+01	1.400000e+01	0.000000e+00	3	1.000000e+14
3.000000e+01	1.500000e+01	0.000000e+00	3	2.190476e-01
2.300000e+01	2.000000e+01	0.000000e+00	3	6.904762e-02
1.000000e+01	3.900000e+01	0.000000e+00	3	7.023810e-02
1.000000e+01	3.900000e+01	0.000000e+00	3	3.452381e-02
1.900000e+01	2.400000e+01	0.000000e+00	3	3.452381e-02
1.800000e+01	2.500000e+01	0.000000e+00	3	8.571429e-02
1.900000e+01	2.400000e+01	0.000000e+00	3	5.119048e-02
1.100000e+01	3.900000e+01	0.000000e+00	4	0.000000e+00
1.100000e+01	3.900000e+01	0.000000e+00	4	1.785714e-02
1.100000e+01	3.900000e+01	0.000000e+00	4	2.000000e-02
1.100000e+01	3.900000e+01	0.000000e+00	4	1.092857e-01
1.600000e+01	2.700000e+01	0.000000e+00	4	3.785714e-02
2.200000e+01	2.200000e+01	0.000000e+00	4	7.571429e-02
2.200000e+01	2.200000e+01	0.000000e+00	4	4.000000e-02
2.200000e+01	2.200000e+01	0.000000e+00	4	3.571429e-02
2.200000e+01	2.200000e+01	0.000000e+00	4	0.000000e+00
2.400000e+01	2.000000e+01	0.000000e+00	4	1.135714e-01
3.400000e+01	1.500000e+01	0.000000e+00	4	1.000000e+14
1.300000e+01	3.300000e+01	0.000000e+00	4	9.357143e-02
9.000000e+00	4.300000e+01	0.000000e+00	4	1.000000e+14
1.600000e+01	2.700000e+01	0.000000e+00	4	5.571429e-02
1.700000e+01	2.600000e+01	0.000000e+00	4	9.571429e-02
2.500000e+01	1.900000e+01	0.000000e+00	4	7.785714e-02
2.500000e+01	1.900000e+01	0.000000e+00	4	5.571429e-02
1.400000e+01	3.100000e+01	0.000000e+00	4	1.114286e-01
1.500000e+01	2.900000e+01	0.000000e+00	4	5.571429e-02
1.500000e+01	2.900000e+01	0.000000e+00	4	5.571429e-02
2.800000e+01	1.700000e+01	0.000000e+00	4	1.335714e-01
2.900000e+01	1.600000e+01	0.000000e+00	4	1.785714e-02
2.900000e+01	1.600000e+01	0.000000e+00	4	3.785714e-02
1.000000e+01	4.000000e+01	0.000000e+00	4	1.114286e-01
1.200000e+01	3.400000e+01	0.000000e+00	4	1.092857e-01
1.200000e+01	3.400000e+01	0.000000e+00	4	3.785714e-02
2.900000e+01	1.600000e+01	0.000000e+00	4	1.000000e-01
1.900000e+01	2.500000e+01	0.000000e+00	4	0.000000e+00
1.900000e+01	2.500000e+01	0.000000e+00	4	0.000000e+00
1.900000e+01	2.500000e+01	0.000000e+00	4	0.000000e+00
1.900000e+01	2.500000e+01	0.000000e+00	4	1.785714e-02
1.900000e+01	2.500000e+01	0.000000e+00	4	5.785714e-02
1.900000e+01	2.500000e+01	0.000000e+00	4	2.000000e-02
2.000000e+01	2.400000e+01	0.000000e+00	4	1.135714e-01
1.900000e+01	2.500000e+01	0.000000e+00	4	0.000000e+00
1.100000e+01	4.000000e+01	0.000000e+00	5	0.000000e+00
2.100000e+01	2.400000e+01	0.000000e+00	5	1.515152e-02
1.300000e+01	3.400000e+01	0.000000e+00	5	8.391608e-02
1.100000e+01	4.000000e+01	0.000000e+00	5	7.575758e-02
1.100000e+01	4.000000e+01	0.000000e+00	5	1.923077e-02
1.100000e+01	4.000000e+01	0.000000e+00	5	3.438228e-02
1.100000e+01	4.000000e+01	0.000000e+00	5	0.000000e+00
2.300000e+01	2.200000e+01	0.000000e+00	5	1.515152e-02
2.200000e+01	2.300000e+01	0.000000e+00	5	0.000000e+00
2.200000e+01	2.300000e+01	0.000000e+00	5	1.923077e-02
2.200000e+01	2.300000e+01	0.000000e+00	5	1.515152e-02
2.200000e+01	2.300000e+01	0.000000e+00	5	0.000000e+00
2.200000e+01	2.300000e+01	0.000000e+00	5	0.000000e+00
2.200000e+01	2.300000e+01	0.000000e+00	5	0.000000e+00
2.200000e+01	2.300000e+01	0.000000e+00	5	0.000000e+00
2.300000e+01	2.200000e+01	0.000000e+00	5	3.438228e-02
2.300000e+01	2.200000e+01	0.000000e+00	5	0.000000e+00
2.300000e+01	2.200000e+01	0.000000e+00	5	1.923077e-02
1.800000e+01	2.600000e+01	0.000000e+00	5	5.361305e-02
3.500000e+01	1.500000e+01	0.000000e+00	5	1.000000e+14
1.700000e+01	2.700000e+01	0.000000e+00	5	6.876457e-02
1.600000e+01	2.800000e+01	0.000000e+00	5	4.953380e-02
1.600000e+01	2.800000e+01	0.000000e+00	5	3.438228e-02
2.600000e+01	1.900000e+01	0.000000e+00	5	1.223776e-01
1.500000e+01	3.000000e+01	0.000000e+00	5	4.953380e-02
1.400000e+01	3.200000e+01	0.000000e+00	5	3.030303e-02
1.400000e+01	3.200000e+01	0.000000e+00	5	1.923077e-02
1.500000e+01	3.000000e+01	0.000000e+00	5	4.953380e-02
1.400000e+01	3.200000e+01	0.000000e+00	5	4.953380e-02
2.400000e+01	2.100000e+01	0.000000e+00	5	0.000000e+00
2.400000e+01	2.100000e+01	0.000000e+00	5	0.000000e+00
2.400000e+01	2.100000e+01	0.000000e+00	5	0.000000e+00
2.400000e+01	2.100000e+01	0.000000e+00	5	0.000000e+00
2.400000e+01	2.100000e+01	0.000000e+00	5	3.438228e-02
2.400000e+01	2.100000e+01	0.000000e+00	5	0.000000e+00
2.900000e+01	1.700000e+01	0.000000e+00	5	7.284382e-02
2.900000e+01	1.700000e+01	0.000000e+00	5	3.438228e-02
3.200000e+01	1.600000e+01	0.000000e+00	5	1.456876e-01
2.800000e+01	1.800000e+01	0.000000e+00	5	8.799534e-02
9.000000e+00	4.800000e+01	0.000000e+00	5	1.000000e+14
2.200000e+01	2.300000e+01	0.000000e+00	5	3.438228e-02
1.000000e+01	4.100000e+01	0.000000e+00	5	1.923077e-02
1.000000e+01	4.100000e+01	0.000000e+00	5	0.000000e+00
1.000000e+01	4.100000e+01	0.000000e+00	5	1.060606e-01
1.000000e+01	4.100000e+01	0.000000e+00	5	3.438228e-02
1.800000e+01	2.600000e+01	0.000000e+00	5	3.438228e-02
1.200000e+01	3.500000e+01	0.000000e+00	5	3.438228e-02
1.200000e+01	3.500000e+01	0.000000e+00	5	9.498834e-02
2.400000e+01	2.100000e+01	0.000000e+00	5	0.000000e+00
2.400000e+01	2.100000e+01	0.000000e+00	5	6.876457e-02
2.100000e+01	2.400000e+01	0.000000e+00	5	0.000000e+00
2.000000e+01	2.500000e+01	0.000000e+00	5	5.361305e-02
2.000000e+01	2.500000e+01	0.000000e+00	5	3.438228e-02
2.000000e+01	2.500000e+01	0.000000e+00	5	0.000000e+00
2.100000e+01	2.400000e+01	0.000000e+00	5	3.438228e-02
2.100000e+01	2.400000e+01	0.000000e+00	5	1.923077e-02
1.300000e+01	3.500000e+01	0.000000e+00	6	0.000000e+00
1.700000e+01	2.800000e+01	0.000000e+00	6	0.000000e+00
1.900000e+01	2.600000e+01	0.000000e+00	6	0.000000e+00
1.400000e+01	3.300000e+01	0.000000e+00	6	0.000000e+00
2.300000e+01	2.300000e+01	0.000000e+00	6	1.515152e-02
2.600000e+01	2.000000e+01	0.000000e+00	6	5.681818e-02
1.800000e+01	2.700000e+01	0.000000e+00	6	1.515152e-02
1.100000e+01	4.100000e+01	0.000000e+00	6	7.575758e-02
1.100000e+01	4.100000e+01	0.000000e+00	6	3.598485e-02
1.100000e+01	4.100000e+01	0.000000e+00	6	2.083333e-02
9.000000e+00	4.900000e+01	0.000000e+00	6	1.000000e+14
1.800000e+01	2.700000e+01	0.000000e+00	6	0.000000e+00
1.500000e+01	3.100000e+01	0.000000e+00	6	2.083333e-02
1.900000e+01	2.600000e+01	0.000000e+00	6	3.598485e-02
2.200000e+01	2.400000e+01	0.000000e+00	6	0.000000e+00
2.300000e+01	2.300000e+01	0.000000e+00	6	2.083333e-02
2.200000e+01	2.400000e+01	0.000000e+00	6	1.515152e-02
2.200000e+01	2.400000e+01	0.000000e+00	6	0.000000e+00
2.300000e+01	2.300000e+01	0.000000e+00	6	1.515152e-02
2.200000e+01	2.400000e+01	0.000000e+00	6	2.083333e-02
2.200000e+01	2.400000e+01	0.000000e+00	6	2.083333e-02
2.300000e+01	2.300000e+01	0.000000e+00	6	0.000000e+00
2.300000e+01	2.300000e+01	0.000000e+00	6	2.083333e-02
2.200000e+01	2.400000e+01	0.000000e+00	6	0.000000e+00
1.800000e+01	2.700000e+01	0.000000e+00	6	2.083333e-02
1.600000e+01	2.900000e+01	0.000000e+00	6	5.113636e-02
1.600000e+01	2.900000e+01	0.000000e+00	6	2.083333e-02
1.600000e+01	2.900000e+01	0.000000e+00	6	0.000000e+00
1.700000e+01	2.800000e+01	0.000000e+00	6	2.083333e-02
1.700000e+01	2.800000e+01	0.000000e+00	6	1.515152e-02
1.800000e+01	2.700000e+01	0.000000e+00	6	0.000000e+00
1.700000e+01	2.800000e+01	0.000000e+00	6	0.000000e+00
1.700000e+01	2.800000e+01	0.000000e+00	6	3.598485e-02
1.900000e+01	2.600000e+01	0.000000e+00	6	0.000000e+00
1.900000e+01	2.600000e+01	0.000000e+00	6	0.000000e+00
1.900000e+01	2.600000e+01	0.000000e+00	6	4.166667e-02
1.900000e+01	2.600000e+01	0.000000e+00	6	1.515152e-02
2.700000e+01	1.900000e+01	0.000000e+00	6	5.681818e-02
2.600000e+01	2.000000e+01	0.000000e+00	6	0.000000e+00
2.600000e+01	2.000000e+01	0.000000e+00	6	3.030303e-02
2.700000e+01	1.900000e+01	0.000000e+00	6	0.000000e+00
2.600000e+01	2.000000e+01	0.000000e+00	6	0.000000e+00
2.700000e+01	1.900000e+01	0.000000e+00	6	3.598485e-02
1.800000e+01	2.700000e+01	0.000000e+00	6	0.000000e+00
2.400000e+01	2.200000e+01	0.000000e+00	6	1.515152e-02
1.400000e+01	3.300000e+01	0.000000e+00	6	5.113636e-02
1.400000e+01	3.300000e+01	0.000000e+00	6	0.000000e+00
1.400000e+01	3.300000e+01	0.000000e+00	6	0.000000e+00
1.500000e+01	3.100000e+01	0.000000e+00	6	2.083333e-02
1.500000e+01	3.100000e+01	0.000000e+00	6	0.000000e+00
1.500000e+01	3.100000e+01	0.000000e+00	6	3.030303e-02
1.500000e+01	3.100000e+01	0.000000e+00	6	3.030303e-02
2.400000e+01	2.200000e+01	0.000000e+00	6	4.166667e-02
2.400000e+01	2.200000e+01	0.000000e+00	6	2.083333e-02
2.400000e+01	2.200000e+01	0.000000e+00	6	0.000000e+00
2.400000e+01	2.200000e+01	0.000000e+00	6	3.030303e-02
2.400000e+01	2.200000e+01	0.000000e+00	6	0.000000e+00
2.400000e+01	2.200000e+01	0.000000e+00	6	0.000000e+00
1.600000e+01	2.900000e+01	0.000000e+00	6	1.515152e-02
3.300000e+01	1.600000e+01	0.000000e+00	6	1.000000e+14
3.200000e+01	1.700000e+01	0.000000e+00	6	3.598485e-02
2.900000e+01	1.800000e+01	0.000000e+00	6	5.681818e-02
2.900000e+01	1.800000e+01	0.000000e+00	6	7.765152e-02
3.200000e+01	1.700000e+01	0.000000e+00	6	7.765152e-02
2.400000e+01	2.200000e+01	0.000000e+00	6	0.000000e+00
1.400000e+01	3.300000e+01	0.000000e+00	6	5.113636e-02
1.800000e+01	2.700000e+01	0.000000e+00	6	2.083333e-02
1.000000e+01	4.200000e+01	0.000000e+00	6	1.628788e-01
1.800000e+01	2.700000e+01	0.000000e+00	6	1.515152e-02
2.600000e+01	2.000000e+01	0.000000e+00	6	2.083333e-02
1.300000e+01	3.500000e+01	0.000000e+00	6	0.000000e+00
1.200000e+01	3.600000e+01	0.000000e+00	6	2.083333e-02
1.200000e+01	3.600000e+01	0.000000e+00	6	3.598485e-02
1.200000e+01	3.600000e+01	0.000000e+00	6	0.000000e+00
1.200000e+01	3.600000e+01	0.000000e+00	6	7.575758e-02
1.300000e+01	3.500000e+01	0.000000e+00	6	0.000000e+00
1.300000e+01	3.500000e+01	0.000000e+00	6	0.000000e+00
1.300000e+01	3.500000e+01	0.000000e+00	6	3.598485e-02
1.300000e+01	3.500000e+01	0.000000e+00	6	3.030303e-02
1.300000e+01	3.500000e+01	0.000000e+00	6	2.083333e-02
1.300000e+01	3.500000e+01	0.000000e+00	6	0.000000e+00
2.200000e+01	2.400000e+01	0.000000e+00	6	1.515152e-02
2.100000e+01	2.500000e+01	0.000000e+00	6	5.681818e-02
2.100000e+01	2.500000e+01	0.000000e+00	6	3.598485e-02
2.100000e+01	2.500000e+01	0.000000e+00	6	0.000000e+00
2.100000e+01	2.500000e+01	0.000000e+00	6	0.000000e+00
1.800000e+01	2.800000e+01	0.000000e+00	7	0.000000e+00
1.600000e+01	3.000000e+01	0.000000e+00	7	2.083333e-02
1.200000e+01	3.700000e+01	0.000000e+00	7	1.851852e-02
2.200000e+01	2.500000e+01	0.000000e+00	7	0.000000e+00
1.400000e+01	3.400000e+01	0.000000e+00	7	0.000000e+00
1.900000e+01	2.700000e+01	0.000000e+00	7	0.000000e+00
1.400000e+01	3.400000e+01	0.000000e+00	7	3.703704e-02
1.100000e+01	4.200000e+01	0.000000e+00	7	3.935185e-02
1.100000e+01	4.200000e+01	0.000000e+00	7	1.134259e-01
1.900000e+01	2.700000e+01	0.000000e+00	7	0.000000e+00
1.500000e+01	3.200000e+01	0.000000e+00	7	3.703704e-02
1.900000e+01	2.700000e+01	0.000000e+00	7	1.851852e-02
2.500000e+01	2.200000e+01	0.000000e+00	7	2.083333e-02
1.900000e+01	2.700000e+01	0.000000e+00	7	1.851852e-02
2.600000e+01	2.100000e+01	0.000000e+00	7	7.870370e-02
2.800000e+01	1.900000e+01	0.000000e+00	7	4.166667e-02
2.200000e+01	2.500000e+01	0.000000e+00	7	0.000000e+00
2.300000e+01	2.400000e+01	0.000000e+00	7	0.000000e+00
2.300000e+01	2.400000e+01	0.000000e+00	7	1.851852e-02
2.300000e+01	2.400000e+01	0.000000e+00	7	2.083333e-02
2.300000e+01	2.400000e+01	0.000000e+00	7	0.000000e+00
2.300000e+01	2.400000e+01	0.000000e+00	7	0.000000e+00
2.300000e+01	2.400000e+01	0.000000e+00	7	0.000000e+00
2.300000e+01	2.400000e+01	0.000000e+00	7	0.000000e+00
2.300000e+01	2.400000e+01	0.000000e+00	7	0.000000e+00
2.200000e+01	2.500000e+01	0.000000e+00	7	0.000000e+00
2.200000e+01	2.500000e+01	0.000000e+00	7	1.851852e-02
2.200000e+01	2.500000e+01	0.000000e+00	7	0.000000e+00
2.200000e+01	2.500000e+01	0.000000e+00	7	0.000000e+00
2.200000e+01	2.500000e+01	0.000000e+00	7	1.851852e-02
2.200000e+01	2.500000e+01	0.000000e+00	7	2.083333e-02
2.200000e+01	2.500000e+01	0.000000e+00	7	0.000000e+00
2.300000e+01	2.400000e+01	0.000000e+00	7	3.935185e-02
2.300000e+01	2.400000e+01	0.000000e+00	7	0.000000e+00
2.200000e+01	2.500000e+01	0.000000e+00	7	4.166667e-02
2.300000e+01	2.400000e+01	0.000000e+00	7	0.000000e+00
2.300000e+01	2.400000e+01	0.000000e+00	7	0.000000e+00
1.900000e+01	2.700000e+01	0.000000e+00	7	2.083333e-02
1.700000e+01	2.900000e+01	0.000000e+00	7	1.851852e-02
1.800000e+01	2.800000e+01	0.000000e+00	7	1.851852e-02
1.600000e+01	3.000000e+01	0.000000e+00	7	0.000000e+00
1.600000e+01	3.000000e+01	0.000000e+00	7	3.703704e-02
1.600000e+01	3.000000e+01	0.000000e+00	7	1.851852e-02
1.900000e+01	2.700000e+01	0.000000e+00	7	0.000000e+00
1.900000e+01	2.700000e+01	0.000000e+00	7	0.000000e+00
1.900000e+01	2.700000e+01	0.000000e+00	7	0.000000e+00
1.800000e+01	2.800000e+01	0.000000e+00	7	2.083333e-02
1.700000e+01	2.900000e+01	0.000000e+00	7	0.000000e+00
1.700000e+01	2.900000e+01	0.000000e+00	7	2.083333e-02
1.700000e+01	2.900000e+01	0.000000e+00	7	2.083333e-02
1.800000e+01	2.800000e+01	0.000000e+00	7	1.851852e-02
1.900000e+01	2.700000e+01	0.000000e+00	7	2.083333e-02
1.700000e+01	2.900000e+01	0.000000e+00	7	0.000000e+00
1.700000e+01	2.900000e+01	0.000000e+00	7	0.000000e+00
2.000000e+01	2.600000e+01	0.000000e+00	7	0.000000e+00
2.000000e+01	2.600000e+01	0.000000e+00	7	4.166667e-02
2.000000e+01	2.600000e+01	0.000000e+00	7	0.000000e+00
2.000000e+01	2.600000e+01	0.000000e+00	7	3.935185e-02
2.000000e+01	2.600000e+01	0.000000e+00	7	1.851852e-02
1.800000e+01	2.800000e+01	0.000000e+00	7	2.083333e-02
2.800000e+01	1.900000e+01	0.000000e+00	7	0.000000e+00
2.800000e+01	1.900000e+01	0.000000e+00	7	6.018519e-02
2.600000e+01	2.100000e+01	0.000000e+00	7	3.935185e-02
1.500000e+01	3.200000e+01	0.000000e+00	7	3.703704e-02
1.400000e+01	3.400000e+01	0.000000e+00	7	5.787037e-02
2.400000e+01	2.300000e+01	0.000000e+00	7	0.000000e+00
2.400000e+01	2.300000e+01	0.000000e+00	7	3.935185e-02
2.400000e+01	2.300000e+01	0.000000e+00	7	2.083333e-02
1.400000e+01	3.400000e+01	0.000000e+00	7	2.083333e-02
1.400000e+01	3.400000e+01	0.000000e+00	7	0.000000e+00
1.400000e+01	3.400000e+01	0.000000e+00	7	0.000000e+00
1.500000e+01	3.200000e+01	0.000000e+00	7	0.000000e+00
1.500000e+01	3.200000e+01	0.000000e+00	7	0.000000e+00
1.500000e+01	3.200000e+01	0.000000e+00	7	0.000000e+00
1.500000e+01	3.200000e+01	0.000000e+00	7	2.083333e-02
1.500000e+01	3.200000e+01	0.000000e+00	7	0.000000e+00
1.500000e+01	3.200000e+01	0.000000e+00	7	0.000000e+00
1.500000e+01	3.200000e+01	0.000000e+00	7	0.000000e+00
1.500000e+01	3.200000e+01	0.000000e+00	7	2.083333e-02
2.500000e+01	2.200000e+01	0.000000e+00	7	1.851852e-02
2.500000e+01	2.200000e+01	0.000000e+00	7	0.000000e+00
2.500000e+01	2.200000e+01	0.000000e+00	7	2.083333e-02
2.500000e+01	2.200000e+01	0.000000e+00	7	1.851852e-02
2.500000e+01	2.200000e+01	0.000000e+00	7	0.000000e+00
2.500000e+01	2.200000e+01	0.000000e+00	7	0.000000e+00
2.500000e+01	2.200000e+01	0.000000e+00	7	0.000000e+00
2.400000e+01	2.300000e+01	0.000000e+00	7	1.851852e-02
1.700000e+01	2.900000e+01	0.000000e+00	7	1.851852e-02
3.000000e+01	1.800000e+01	0.000000e+00	7	1.412037e-01
3.300000e+01	1.700000e+01	0.000000e+00	7	2.083333e-02
3.300000e+01	1.700000e+01	0.000000e+00	7	1.851852e-02
1.500000e+01	3.200000e+01	0.000000e+00	7	0.000000e+00
2.800000e+01	1.900000e+01	0.000000e+00	7	3.703704e-02
3.300000e+01	1.700000e+01	0.000000e+00	7	8.101852e-02
2.600000e+01	2.100000e+01	0.000000e+00	7	0.000000e+00
2.200000e+01	2.500000e+01	0.000000e+00	7	0.000000e+00
2.200000e+01	2.500000e+01	0.000000e+00	7	0.000000e+00
1.900000e+01	2.700000e+01	0.000000e+00	7	0.000000e+00
2.200000e+01	2.500000e+01	0.000000e+00	7	0.000000e+00
1.600000e+01	3.000000e+01	0.000000e+00	7	2.083333e-02
1.000000e+01	4.300000e+01	0.000000e+00	7	2.083333e-02
1.000000e+01	4.300000e+01	0.000000e+00	7	1.000000e+14
1.700000e+01	2.900000e+01	0.000000e+00	7	0.000000e+00
1.900000e+01	2.700000e+01	0.000000e+00	7	0.000000e+00
1.600000e+01	3.000000e+01	0.000000e+00	7	0.000000e+00
1.300000e+01	3.600000e+01	0.000000e+00	7	0.000000e+00
1.200000e+01	3.700000e+01	0.000000e+00	7	2.083333e-02
1.300000e+01	3.600000e+01	0.000000e+00	7	0.000000e+00
1.300000e+01	3.600000e+01	0.000000e+00	7	3.703704e-02
1.300000e+01	3.600000e+01	0.000000e+00	7	2.083333e-02
1.200000e+01	3.700000e+01	0.000000e+00	7	1.134259e-01
1.300000e+01	3.600000e+01	0.000000e+00	7	3.935185e-02
1.800000e+01	2.800000e+01	0.000000e+00	7	0.000000e+00
2.500000e+01	2.200000e+01	0.000000e+00	7	0.000000e+00
3.400000e+01	1.600000e+01	0.000000e+00	7	1.000000e+14
2.400000e+01	2.300000e+01	0.000000e+00	7	0.000000e+00
3.500000e+01	1.600000e+01	0.000000e+00	8	1.000000e+14
1.000000e+01	4.400000e+01	0.000000e+00	8	1.000000e+14
3.100000e+01	1.800000e+01	0.000000e+00	8	1.157143e-01
1.200000e+01	3.800000e+01	0.000000e+00	8	1.092857e-01
1.100000e+01	4.300000e+01	0.000000e+00	8	1.092857e-01
3.100000e+01	1.800000e+01	0.000000e+00	8	5.785714e-02
2.900000e+01	1.900000e+01	0.000000e+00	8	5.785714e-02
1.500000e+01	3.300000e+01	0.000000e+00	8	5.571429e-02
2.100000e+01	2.600000e+01	0.000000e+00	8	4.000000e-02
2.300000e+01	2.500000e+01	0.000000e+00	8	4.000000e-02
1.100000e+01	4.300000e+01	0.000000e+00	8	3.785714e-02
1.600000e+01	3.100000e+01	0.000000e+00	8	3.785714e-02
2.400000e+01	2.400000e+01	0.000000e+00	8	3.785714e-02
2.900000e+01	1.900000e+01	0.000000e+00	8	3.785714e-02
2.400000e+01	2.400000e+01	0.000000e+00	8	3.785714e-02
2.100000e+01	2.600000e+01	0.000000e+00	8	3.785714e-02
1.800000e+01	2.900000e+01	0.000000e+00	8	3.785714e-02
2.700000e+01	2.100000e+01	0.000000e+00	8	3.785714e-02
1.700000e+01	3.000000e+01	0.000000e+00	8	3.785714e-02
1.400000e+01	3.500000e+01	0.000000e+00	8	3.571429e-02
1.500000e+01	3.300000e+01	0.000000e+00	8	3.571429e-02
3.500000e+01	1.600000e+01	0.000000e+00	8	3.571429e-02
1.400000e+01	3.500000e+01	0.000000e+00	8	3.571429e-02
1.600000e+01	3.100000e+01	0.000000e+00	8	3.571429e-02
1.300000e+01	3.700000e+01	0.000000e+00	8	3.571429e-02
2.800000e+01	2.000000e+01	0.000000e+00	8	2.000000e-02
1.200000e+01	3.800000e+01	0.000000e+00	8	2.000000e-02
2.700000e+01	2.100000e+01	0.000000e+00	8	2.000000e-02
1.700000e+01	3.000000e+01	0.000000e+00	8	2.000000e-02
2.600000e+01	2.200000e+01	0.000000e+00	8	2.000000e-02
1.500000e+01	3.300000e+01	0.000000e+00	8	2.000000e-02
1.300000e+01	3.700000e+01	0.000000e+00	8	2.000000e-02
2.000000e+01	2.700000e+01	0.000000e+00	8	2.000000e-02
1.800000e+01	2.900000e+01	0.000000e+00	8	2.000000e-02
1.900000e+01	2.800000e+01	0.000000e+00	8	2.000000e-02
2.800000e+01	2.000000e+01	0.000000e+00	8	2.000000e-02
2.600000e+01	2.200000e+01	0.000000e+00	8	2.000000e-02
1.000000e+01	4.400000e+01	0.000000e+00	8	2.000000e-02
2.500000e+01	2.300000e+01	0.000000e+00	8	2.000000e-02
1.400000e+01	3.500000e+01	0.000000e+00	8	2.000000e-02
2.500000e+01	2.300000e+01	0.000000e+00	8	2.000000e-02
1.400000e+01	3.500000e+01	0.000000e+00	8	2.000000e-02
1.900000e+01	2.800000e+01	0.000000e+00	8	2.000000e-02
2.300000e+01	2.500000e+01	0.000000e+00	8	2.000000e-02
2.000000e+01	2.700000e+01	0.000000e+00	8	2.000000e-02
1.600000e+01	3.100000e+01	0.000000e+00	8	2.000000e-02
1.300000e+01	3.700000e+01	0.000000e+00	8	2.000000e-02
2.300000e+01	2.500000e+01	0.000000e+00	8	1.785714e-02
1.000000e+01	4.400000e+01	0.000000e+00	8	1.785714e-02
2.500000e+01	2.300000e+01	0.000000e+00	8	1.785714e-02
2.300000e+01	2.500000e+01	0.000000e+00	8	1.785714e-02
1.800000e+01	2.900000e+01	0.000000e+00	8	1.785714e-02
1.900000e+01	2.800000e+01	0.000000e+00	8	1.785714e-02
2.600000e+01	2.200000e+01	0.000000e+00	8	1.785714e-02
2.800000e+01	2.000000e+01	0.000000e+00	8	1.785714e-02
1.900000e+01	2.800000e+01	0.000000e+00	8	1.785714e-02
2.600000e+01	2.200000e+01	0.000000e+00	8	1.785714e-02
2.000000e+01	2.700000e+01	0.000000e+00	8	1.785714e-02
2.000000e+01	2.700000e+01	0.000000e+00	8	1.785714e-02
2.500000e+01	2.300000e+01	0.000000e+00	8	1.785714e-02
2.700000e+01	2.100000e+01	0.000000e+00	8	1.785714e-02
2.800000e+01	2.000000e+01	0.000000e+00	8	1.785714e-02
1.300000e+01	3.700000e+01	0.000000e+00	8	1.785714e-02
1.700000e+01	3.000000e+01	0.000000e+00	8	1.785714e-02
1.200000e+01	3.800000e+01	0.000000e+00	8	1.785714e-02
2.100000e+01	2.600000e+01	0.000000e+00	8	1.785714e-02
1.900000e+01	2.800000e+01	0.000000e+00	8	0.000000e+00
2.400000e+01	2.400000e+01	0.000000e+00	8	0.000000e+00
2.000000e+01	2.700000e+01	0.000000e+00	8	0.000000e+00
2.400000e+01	2.400000e+01	0.000000e+00	8	0.000000e+00
1.400000e+01	3.500000e+01	0.000000e+00	8	0.000000e+00
2.400000e+01	2.400000e+01	0.000000e+00	8	0.000000e+00
2.000000e+01	2.700000e+01	0.000000e+00	8	0.000000e+00
1.700000e+01	3.000000e+01	0.000000e+00	8	0.000000e+00
2.400000e+01	2.400000e+01	0.000000e+00	8	0.000000e+00
2.400000e+01	2.400000e+01	0.000000e+00	8	0.000000e+00
2.000000e+01	2.700000e+01	0.000000e+00	8	0.000000e+00
2.300000e+01	2.500000e+01	0.000000e+00	8	0.000000e+00
1.500000e+01	3.300000e+01	0.000000e+00	8	0.000000e+00
2.700000e+01	2.100000e+01	0.000000e+00	8	0.000000e+00
2.500000e+01	2.300000e+01	0.000000e+00	8	0.000000e+00
1.400000e+01	3.500000e+01	0.000000e+00	8	0.000000e+00
1.400000e+01	3.500000e+01	0.000000e+00	8	0.000000e+00
1.700000e+01	3.000000e+01	0.000000e+00	8	0.000000e+00
1.900000e+01	2.800000e+01	0.000000e+00	8	0.000000e+00
2.800000e+01	2.000000e+01	0.000000e+00	8	0.000000e+00
1.800000e+01	2.900000e+01	0.000000e+00	8	0.000000e+00
1.900000e+01	2.800000e+01	0.000000e+00	8	0.000000e+00
2.400000e+01	2.400000e+01	0.000000e+00	8	0.000000e+00
2.400000e+01	2.400000e+01	0.000000e+00	8	0.000000e+00
2.100000e+01	2.600000e+01	0.000000e+00	8	0.000000e+00
1.900000e+01	2.800000e+01	0.000000e+00	8	0.000000e+00
2.400000e+01	2.400000e+01	0.000000e+00	8	0.000000e+00
2.300000e+01	2.500000e+01	0.000000e+00	8	0.000000e+00
2.100000e+01	2.600000e+01	0.000000e+00	8	0.000000e+00
2.300000e+01	2.500000e+01	0.000000e+00	8	0.000000e+00
2.800000e+01	2.000000e+01	0.000000e+00	8	0.000000e+00
2.000000e+01	2.700000e+01	0.000000e+00	8	0.000000e+00
1.800000e+01	2.900000e+01	0.000000e+00	8	0.000000e+00
2.000000e+01	2.700000e+01	0.000000e+00	8	0.000000e+00
2.700000e+01	2.100000e+01	0.000000e+00	8	0.000000e+00
1.300000e+01	3.700000e+01	0.000000e+00	8	0.000000e+00
1.300000e+01	3.700000e+01	0.000000e+00	8	0.000000e+00
2.300000e+01	2.500000e+01	0.000000e+00	8	0.000000e+00
1.400000e+01	3.500000e+01	0.000000e+00	8	0.000000e+00
2.100000e+01	2.600000e+01	0.000000e+00	8	0.000000e+00
2.400000e+01	2.400000e+01	0.000000e+00	8	0.000000e+00
2.000000e+01	2.700000e+01	0.000000e+00	8	0.000000e+00
2.300000e+01	2.500000e+01	0.000000e+00	8	0.000000e+00
1.800000e+01	2.900000e+01	0.000000e+00	8	0.000000e+00
2.600000e+01	2.200000e+01	0.000000e+00	8	0.000000e+00
2.400000e+01	2.400000e+01	0.000000e+00	8	0.000000e+00
1.900000e+01	2.800000e+01	0.000000e+00	8	0.000000e+00
1.900000e+01	2.800000e+01	0.000000e+00	8	0.000000e+00
2.400000e+01	2.400000e+01	0.000000e+00	8	0.000000e+00
2.400000e+01	2.400000e+01	0.000000e+00	8	0.000000e+00
2.600000e+01	2.200000e+01	0.000000e+00	8	0.000000e+00
2.100000e+01	2.600000e+01	0.000000e+00	8	0.000000e+00
1.800000e+01	2.900000e+01	0.000000e+00	8	0.000000e+00
1.700000e+01	3.000000e+01	0.000000e+00	8	0.000000e+00
2.400000e+01	2.400000e+01	0.000000e+00	8	0.000000e+00
1.900000e+01	2.800000e+01	0.000000e+00	8	0.000000e+00
1.300000e+01	3.700000e+01	0.000000e+00	8	0.000000e+00
2.300000e+01	2.500000e+01	0.000000e+00	8	0.000000e+00
2.100000e+01	2.600000e+01	0.000000e+00	8	0.000000e+00
2.800000e+01	2.000000e+01	0.000000e+00	8	0.000000e+00
2.300000e+01	2.500000e+01	0.000000e+00	8	0.000000e+00
2.700000e+01	2.100000e+01	0.000000e+00	8	0.000000e+00
2.100000e+01	2.600000e+01	0.000000e+00	8	0.000000e+00
1.300000e+01	3.700000e+01	0.000000e+00	8	0.000000e+00
1.800000e+01	2.900000e+01	0.000000e+00	8	0.000000e+00
1.400000e+01	3.500000e+01	0.000000e+00	8	0.000000e+00
1.900000e+01	2.800000e+01	0.000000e+00	8	0.000000e+00
1.400000e+01	3.500000e+01	0.000000e+00	8	0.000000e+00
2.000000e+01	2.700000e+01	0.000000e+00	8	0.000000e+00
1.900000e+01	2.800000e+01	0.000000e+00	8	0.000000e+00
2.700000e+01	2.100000e+01	0.000000e+00	8	0.000000e+00
1.900000e+01	2.800000e+01	0.000000e+00	8	0.000000e+00
1.200000e+01	3.800000e+01	0.000000e+00	8	0.000000e+00
2.400000e+01	2.400000e+01	0.000000e+00	8	0.000000e+00
2.600000e+01	2.200000e+01	0.000000e+00	8	0.000000e+00
2.000000e+01	2.700000e+01	0.000000e+00	8	0.000000e+00
