# This file contains the data of final population
# of objectives = 2, # of constraints = 0, # of real_var = 0, # of bits of bin_var = 0, constr_violation, rank, crowding_distance
1.100000e+01	3.000000e+01	0.000000e+00	1	8.777778e-02
6.000000e+00	4.100000e+01	0.000000e+00	1	8.944444e-02
1.700000e+01	2.100000e+01	0.000000e+00	1	2.372222e-01
9.000000e+00	3.200000e+01	0.000000e+00	1	1.433333e-01
1.000000e+01	3.100000e+01	0.000000e+00	1	6.777778e-02
1.300000e+01	2.900000e+01	0.000000e+00	1	3.388889e-02
1.500000e+01	2.600000e+01	0.000000e+00	1	6.777778e-02
3.000000e+01	1.000000e+01	0.000000e+00	1	1.000000e+14
2.300000e+01	1.800000e+01	0.000000e+00	1	1.616667e-01
1.300000e+01	2.900000e+01	0.000000e+00	1	6.777778e-02
1.400000e+01	2.700000e+01	0.000000e+00	1	8.166667e-02
7.000000e+00	3.700000e+01	0.000000e+00	1	1.850000e-01
1.600000e+01	2.500000e+01	0.000000e+00	1	1.094444e-01
5.000000e+00	4.600000e+01	0.000000e+00	1	1.000000e+14
2.300000e+01	1.800000e+01	0.000000e+00	1	8.166667e-02
6.000000e+00	4.100000e+01	0.000000e+00	1	7.555556e-02
2.500000e+01	1.500000e+01	0.000000e+00	1	2.511111e-01
2.300000e+01	2.000000e+01	0.000000e+00	2	7.812500e-02
2.600000e+01	1.600000e+01	0.000000e+00	2	1.342905e-01
6.000000e+00	4.300000e+01	0.000000e+00	2	1.528716e-01
5.000000e+00	4.900000e+01	0.000000e+00	2	1.000000e+14
1.700000e+01	2.500000e+01	0.000000e+00	2	1.279561e-01
1.400000e+01	2.800000e+01	0.000000e+00	2	8.741554e-02
1.500000e+01	2.700000e+01	0.000000e+00	2	3.125000e-02
2.300000e+01	2.000000e+01	0.000000e+00	2	0.000000e+00
2.300000e+01	2.000000e+01	0.000000e+00	2	2.702703e-02
7.000000e+00	4.000000e+01	0.000000e+00	2	9.881757e-02
8.000000e+00	3.800000e+01	0.000000e+00	2	8.530405e-02
1.500000e+01	2.700000e+01	0.000000e+00	2	2.702703e-02
2.400000e+01	1.800000e+01	0.000000e+00	2	1.009291e-01
3.000000e+01	1.500000e+01	0.000000e+00	2	1.655405e-01
3.700000e+01	1.200000e+01	0.000000e+00	2	1.000000e+14
3.400000e+01	1.300000e+01	0.000000e+00	2	1.499155e-01
1.500000e+01	2.700000e+01	0.000000e+00	2	0.000000e+00
2.300000e+01	2.000000e+01	0.000000e+00	2	0.000000e+00
1.500000e+01	2.700000e+01	0.000000e+00	2	1.562500e-02
1.000000e+01	3.200000e+01	0.000000e+00	2	9.881757e-02
9.000000e+00	3.600000e+01	0.000000e+00	2	1.123311e-01
2.300000e+01	2.000000e+01	0.000000e+00	2	2.913851e-02
1.500000e+01	2.700000e+01	0.000000e+00	2	1.351351e-02
1.800000e+01	2.100000e+01	0.000000e+00	2	9.163851e-02
1.800000e+01	2.100000e+01	0.000000e+00	2	6.967905e-02
1.100000e+01	3.100000e+01	0.000000e+00	2	5.827703e-02
1.200000e+01	3.000000e+01	0.000000e+00	2	3.125000e-02
1.200000e+01	3.000000e+01	0.000000e+00	2	1.351351e-02
1.200000e+01	3.000000e+01	0.000000e+00	2	4.265203e-02
1.200000e+01	3.100000e+01	0.000000e+00	3	0.000000e+00
1.800000e+01	2.300000e+01	0.000000e+00	3	3.152709e-02
1.200000e+01	3.100000e+01	0.000000e+00	3	1.428571e-02
1.200000e+01	3.100000e+01	0.000000e+00	3	0.000000e+00
1.200000e+01	3.100000e+01	0.000000e+00	3	1.724138e-02
1.200000e+01	3.100000e+01	0.000000e+00	3	1.724138e-02
1.200000e+01	3.100000e+01	0.000000e+00	3	1.428571e-02
1.100000e+01	3.200000e+01	0.000000e+00	3	3.152709e-02
1.500000e+01	2.800000e+01	0.000000e+00	3	6.305419e-02
1.700000e+01	2.600000e+01	0.000000e+00	3	0.000000e+00
1.100000e+01	3.200000e+01	0.000000e+00	3	3.152709e-02
6.000000e+00	4.400000e+01	0.000000e+00	3	3.152709e-02
6.000000e+00	4.400000e+01	0.000000e+00	3	1.029557e-01
5.000000e+00	5.000000e+01	0.000000e+00	3	1.029557e-01
5.000000e+00	5.000000e+01	0.000000e+00	3	1.000000e+14
1.700000e+01	2.600000e+01	0.000000e+00	3	6.009852e-02
1.700000e+01	2.600000e+01	0.000000e+00	3	3.152709e-02
2.500000e+01	1.800000e+01	0.000000e+00	3	1.463054e-01
7.000000e+00	4.300000e+01	0.000000e+00	3	7.438424e-02
8.000000e+00	3.900000e+01	0.000000e+00	3	1.059113e-01
3.000000e+01	1.700000e+01	0.000000e+00	3	1.320197e-01
7.000000e+00	4.300000e+01	0.000000e+00	3	1.428571e-02
7.000000e+00	4.300000e+01	0.000000e+00	3	0.000000e+00
7.000000e+00	4.300000e+01	0.000000e+00	3	0.000000e+00
7.000000e+00	4.300000e+01	0.000000e+00	3	1.724138e-02
7.000000e+00	4.300000e+01	0.000000e+00	3	0.000000e+00
9.000000e+00	3.800000e+01	0.000000e+00	3	1.724138e-02
2.400000e+01	2.000000e+01	0.000000e+00	3	4.581281e-02
1.600000e+01	2.700000e+01	0.000000e+00	3	0.000000e+00
3.100000e+01	1.600000e+01	0.000000e+00	3	9.753695e-02
1.600000e+01	2.700000e+01	0.000000e+00	3	3.152709e-02
1.600000e+01	2.700000e+01	0.000000e+00	3	1.724138e-02
2.400000e+01	2.000000e+01	0.000000e+00	3	8.325123e-02
1.000000e+01	3.300000e+01	0.000000e+00	3	1.201970e-01
9.000000e+00	3.800000e+01	0.000000e+00	3	7.142857e-02
9.000000e+00	3.800000e+01	0.000000e+00	3	0.000000e+00
9.000000e+00	3.800000e+01	0.000000e+00	3	0.000000e+00
9.000000e+00	3.800000e+01	0.000000e+00	3	3.152709e-02
1.400000e+01	2.900000e+01	0.000000e+00	3	3.152709e-02
1.400000e+01	2.900000e+01	0.000000e+00	3	1.724138e-02
3.400000e+01	1.500000e+01	0.000000e+00	3	1.000000e+14
1.400000e+01	2.900000e+01	0.000000e+00	3	1.428571e-02
1.600000e+01	2.700000e+01	0.000000e+00	3	1.428571e-02
1.900000e+01	2.200000e+01	0.000000e+00	3	6.305419e-02
1.800000e+01	2.300000e+01	0.000000e+00	3	6.009852e-02
2.000000e+01	2.100000e+01	0.000000e+00	3	8.325123e-02
2.000000e+01	2.100000e+01	0.000000e+00	3	3.152709e-02
1.300000e+01	3.000000e+01	0.000000e+00	3	3.152709e-02
1.300000e+01	3.000000e+01	0.000000e+00	3	3.152709e-02
7.000000e+00	4.400000e+01	0.000000e+00	4	7.072072e-02
1.600000e+01	2.800000e+01	0.000000e+00	4	0.000000e+00
1.500000e+01	2.900000e+01	0.000000e+00	4	0.000000e+00
1.300000e+01	3.100000e+01	0.000000e+00	4	0.000000e+00
1.300000e+01	3.100000e+01	0.000000e+00	4	1.351351e-02
1.300000e+01	3.100000e+01	0.000000e+00	4	0.000000e+00
1.300000e+01	3.100000e+01	0.000000e+00	4	0.000000e+00
1.300000e+01	3.100000e+01	0.000000e+00	4	0.000000e+00
1.300000e+01	3.100000e+01	0.000000e+00	4	1.351351e-02
1.300000e+01	3.100000e+01	0.000000e+00	4	1.666667e-02
1.300000e+01	3.100000e+01	0.000000e+00	4	0.000000e+00
1.300000e+01	3.100000e+01	0.000000e+00	4	1.666667e-02
7.000000e+00	4.400000e+01	0.000000e+00	4	0.000000e+00
6.000000e+00	4.500000e+01	0.000000e+00	4	1.549550e-01
1.800000e+01	2.400000e+01	0.000000e+00	4	3.018018e-02
5.000000e+00	5.300000e+01	0.000000e+00	4	1.666667e-02
5.000000e+00	5.300000e+01	0.000000e+00	4	1.000000e+14
1.700000e+01	2.700000e+01	0.000000e+00	4	1.666667e-02
1.100000e+01	3.300000e+01	0.000000e+00	4	3.018018e-02
1.500000e+01	2.900000e+01	0.000000e+00	4	1.351351e-02
7.000000e+00	4.400000e+01	0.000000e+00	4	0.000000e+00
7.000000e+00	4.400000e+01	0.000000e+00	4	1.666667e-02
7.000000e+00	4.400000e+01	0.000000e+00	4	1.351351e-02
1.100000e+01	3.300000e+01	0.000000e+00	4	3.018018e-02
1.700000e+01	2.700000e+01	0.000000e+00	4	0.000000e+00
1.600000e+01	2.800000e+01	0.000000e+00	4	1.351351e-02
1.700000e+01	2.700000e+01	0.000000e+00	4	0.000000e+00
1.600000e+01	2.800000e+01	0.000000e+00	4	1.351351e-02
1.700000e+01	2.700000e+01	0.000000e+00	4	4.054054e-02
3.500000e+01	1.600000e+01	0.000000e+00	4	1.000000e+14
1.700000e+01	2.700000e+01	0.000000e+00	4	0.000000e+00
1.700000e+01	2.700000e+01	0.000000e+00	4	0.000000e+00
1.700000e+01	2.700000e+01	0.000000e+00	4	0.000000e+00
1.700000e+01	2.700000e+01	0.000000e+00	4	0.000000e+00
1.700000e+01	2.700000e+01	0.000000e+00	4	1.351351e-02
1.600000e+01	2.800000e+01	0.000000e+00	4	0.000000e+00
1.000000e+01	3.400000e+01	0.000000e+00	4	1.351351e-02
1.000000e+01	3.400000e+01	0.000000e+00	4	8.423423e-02
1.000000e+01	3.400000e+01	0.000000e+00	4	1.666667e-02
9.000000e+00	3.900000e+01	0.000000e+00	4	1.351351e-02
9.000000e+00	3.900000e+01	0.000000e+00	4	0.000000e+00
1.700000e+01	2.700000e+01	0.000000e+00	4	0.000000e+00
8.000000e+00	4.000000e+01	0.000000e+00	4	1.009009e-01
1.600000e+01	2.800000e+01	0.000000e+00	4	0.000000e+00
9.000000e+00	3.900000e+01	0.000000e+00	4	1.666667e-02
2.500000e+01	1.900000e+01	0.000000e+00	4	1.238739e-01
2.600000e+01	1.800000e+01	0.000000e+00	4	9.684685e-02
1.700000e+01	2.700000e+01	0.000000e+00	4	1.666667e-02
1.400000e+01	3.000000e+01	0.000000e+00	4	1.351351e-02
1.500000e+01	2.900000e+01	0.000000e+00	4	0.000000e+00
1.400000e+01	3.000000e+01	0.000000e+00	4	3.018018e-02
1.400000e+01	3.000000e+01	0.000000e+00	4	0.000000e+00
1.400000e+01	3.000000e+01	0.000000e+00	4	0.000000e+00
1.500000e+01	2.900000e+01	0.000000e+00	4	1.666667e-02
1.500000e+01	2.900000e+01	0.000000e+00	4	1.666667e-02
1.500000e+01	2.900000e+01	0.000000e+00	4	0.000000e+00
1.400000e+01	3.000000e+01	0.000000e+00	4	0.000000e+00
1.600000e+01	2.800000e+01	0.000000e+00	4	1.666667e-02
2.600000e+01	1.800000e+01	0.000000e+00	4	3.018018e-02
2.100000e+01	2.100000e+01	0.000000e+00	4	2.702703e-02
1.900000e+01	2.300000e+01	0.000000e+00	4	1.351351e-02
1.800000e+01	2.400000e+01	0.000000e+00	4	5.720721e-02
2.100000e+01	2.100000e+01	0.000000e+00	4	6.666667e-02
2.100000e+01	2.100000e+01	0.000000e+00	4	6.036036e-02
1.900000e+01	2.300000e+01	0.000000e+00	4	3.333333e-02
1.800000e+01	2.400000e+01	0.000000e+00	4	0.000000e+00
1.900000e+01	2.300000e+01	0.000000e+00	4	4.369369e-02
1.400000e+01	3.000000e+01	0.000000e+00	4	0.000000e+00
2.100000e+01	2.100000e+01	0.000000e+00	4	0.000000e+00
1.200000e+01	3.200000e+01	0.000000e+00	4	0.000000e+00
1.200000e+01	3.200000e+01	0.000000e+00	4	0.000000e+00
1.200000e+01	3.200000e+01	0.000000e+00	4	3.018018e-02
1.200000e+01	3.200000e+01	0.000000e+00	4	1.666667e-02
1.200000e+01	3.200000e+01	0.000000e+00	4	0.000000e+00
1.200000e+01	3.200000e+01	0.000000e+00	4	1.351351e-02
9.000000e+00	3.900000e+01	0.000000e+00	4	8.423423e-02
1.700000e+01	2.700000e+01	0.000000e+00	4	0.000000e+00
1.600000e+01	2.800000e+01	0.000000e+00	4	1.666667e-02
3.100000e+01	1.700000e+01	0.000000e+00	4	8.018018e-02
1.500000e+01	2.900000e+01	0.000000e+00	4	1.351351e-02
3.100000e+01	1.700000e+01	0.000000e+00	4	9.684685e-02
1.400000e+01	3.000000e+01	0.000000e+00	4	1.666667e-02
1.700000e+01	2.800000e+01	0.000000e+00	5	0.000000e+00
3.300000e+01	1.700000e+01	0.000000e+00	5	1.098340e-01
3.300000e+01	1.700000e+01	0.000000e+00	5	1.000000e+14
1.500000e+01	3.000000e+01	0.000000e+00	5	0.000000e+00
1.000000e+01	3.600000e+01	0.000000e+00	5	0.000000e+00
6.000000e+00	4.600000e+01	0.000000e+00	5	1.000000e+14
6.000000e+00	4.600000e+01	0.000000e+00	5	0.000000e+00
6.000000e+00	4.600000e+01	0.000000e+00	5	3.575990e-02
2.300000e+01	2.100000e+01	0.000000e+00	5	0.000000e+00
1.200000e+01	3.300000e+01	0.000000e+00	5	1.851852e-02
1.400000e+01	3.100000e+01	0.000000e+00	5	0.000000e+00
1.600000e+01	2.900000e+01	0.000000e+00	5	1.724138e-02
2.800000e+01	1.800000e+01	0.000000e+00	5	1.641124e-01
8.000000e+00	4.100000e+01	0.000000e+00	5	1.060026e-01
7.000000e+00	4.500000e+01	0.000000e+00	5	0.000000e+00
7.000000e+00	4.500000e+01	0.000000e+00	5	1.851852e-02
7.000000e+00	4.500000e+01	0.000000e+00	5	8.748404e-02
7.000000e+00	4.500000e+01	0.000000e+00	5	0.000000e+00
7.000000e+00	4.500000e+01	0.000000e+00	5	1.724138e-02
7.000000e+00	4.500000e+01	0.000000e+00	5	0.000000e+00
7.000000e+00	4.500000e+01	0.000000e+00	5	0.000000e+00
1.600000e+01	2.900000e+01	0.000000e+00	5	0.000000e+00
1.700000e+01	2.800000e+01	0.000000e+00	5	0.000000e+00
1.700000e+01	2.800000e+01	0.000000e+00	5	0.000000e+00
1.700000e+01	2.800000e+01	0.000000e+00	5	1.724138e-02
1.700000e+01	2.800000e+01	0.000000e+00	5	0.000000e+00
1.700000e+01	2.800000e+01	0.000000e+00	5	0.000000e+00
1.700000e+01	2.800000e+01	0.000000e+00	5	0.000000e+00
1.700000e+01	2.800000e+01	0.000000e+00	5	0.000000e+00
1.700000e+01	2.800000e+01	0.000000e+00	5	1.851852e-02
1.600000e+01	2.900000e+01	0.000000e+00	5	3.575990e-02
1.600000e+01	2.900000e+01	0.000000e+00	5	0.000000e+00
1.600000e+01	2.900000e+01	0.000000e+00	5	0.000000e+00
1.600000e+01	2.900000e+01	0.000000e+00	5	0.000000e+00
1.700000e+01	2.800000e+01	0.000000e+00	5	0.000000e+00
1.700000e+01	2.800000e+01	0.000000e+00	5	0.000000e+00
1.600000e+01	2.900000e+01	0.000000e+00	5	0.000000e+00
1.600000e+01	2.900000e+01	0.000000e+00	5	1.851852e-02
1.100000e+01	3.500000e+01	0.000000e+00	5	1.851852e-02
1.000000e+01	3.600000e+01	0.000000e+00	5	3.575990e-02
1.000000e+01	3.600000e+01	0.000000e+00	5	8.620690e-02
1.100000e+01	3.500000e+01	0.000000e+00	5	0.000000e+00
1.100000e+01	3.500000e+01	0.000000e+00	5	1.851852e-02
1.000000e+01	3.600000e+01	0.000000e+00	5	0.000000e+00
1.100000e+01	3.500000e+01	0.000000e+00	5	1.724138e-02
1.200000e+01	3.300000e+01	0.000000e+00	5	1.724138e-02
1.200000e+01	3.300000e+01	0.000000e+00	5	0.000000e+00
8.000000e+00	4.100000e+01	0.000000e+00	5	8.620690e-02
2.500000e+01	2.000000e+01	0.000000e+00	5	3.575990e-02
2.600000e+01	1.900000e+01	0.000000e+00	5	9.003831e-02
1.400000e+01	3.100000e+01	0.000000e+00	5	3.575990e-02
1.400000e+01	3.100000e+01	0.000000e+00	5	1.724138e-02
1.500000e+01	3.000000e+01	0.000000e+00	5	1.851852e-02
1.400000e+01	3.100000e+01	0.000000e+00	5	1.851852e-02
1.500000e+01	3.000000e+01	0.000000e+00	5	1.724138e-02
1.500000e+01	3.000000e+01	0.000000e+00	5	0.000000e+00
1.500000e+01	3.000000e+01	0.000000e+00	5	1.724138e-02
1.500000e+01	3.000000e+01	0.000000e+00	5	0.000000e+00
1.400000e+01	3.100000e+01	0.000000e+00	5	0.000000e+00
1.500000e+01	3.000000e+01	0.000000e+00	5	1.851852e-02
1.500000e+01	3.000000e+01	0.000000e+00	5	0.000000e+00
1.400000e+01	3.100000e+01	0.000000e+00	5	0.000000e+00
1.700000e+01	2.800000e+01	0.000000e+00	5	7.024266e-02
1.000000e+01	3.600000e+01	0.000000e+00	5	0.000000e+00
8.000000e+00	4.100000e+01	0.000000e+00	5	1.851852e-02
1.000000e+01	3.600000e+01	0.000000e+00	5	3.703704e-02
2.000000e+01	2.300000e+01	0.000000e+00	5	1.724138e-02
1.900000e+01	2.400000e+01	0.000000e+00	5	3.575990e-02
1.800000e+01	2.500000e+01	0.000000e+00	5	0.000000e+00
2.000000e+01	2.300000e+01	0.000000e+00	5	3.575990e-02
2.300000e+01	2.100000e+01	0.000000e+00	5	1.724138e-02
2.000000e+01	2.300000e+01	0.000000e+00	5	1.851852e-02
2.300000e+01	2.100000e+01	0.000000e+00	5	0.000000e+00
1.800000e+01	2.500000e+01	0.000000e+00	5	0.000000e+00
1.800000e+01	2.500000e+01	0.000000e+00	5	5.172414e-02
1.800000e+01	2.500000e+01	0.000000e+00	5	3.575990e-02
2.100000e+01	2.200000e+01	0.000000e+00	5	3.575990e-02
1.800000e+01	2.500000e+01	0.000000e+00	5	1.851852e-02
2.300000e+01	2.100000e+01	0.000000e+00	5	3.703704e-02
1.100000e+01	3.500000e+01	0.000000e+00	5	3.448276e-02
2.100000e+01	2.200000e+01	0.000000e+00	5	5.427842e-02
2.300000e+01	2.100000e+01	0.000000e+00	5	5.427842e-02
1.300000e+01	3.200000e+01	0.000000e+00	5	0.000000e+00
1.300000e+01	3.200000e+01	0.000000e+00	5	0.000000e+00
1.300000e+01	3.200000e+01	0.000000e+00	5	1.724138e-02
1.300000e+01	3.200000e+01	0.000000e+00	5	0.000000e+00
1.300000e+01	3.200000e+01	0.000000e+00	5	3.575990e-02
1.300000e+01	3.200000e+01	0.000000e+00	5	0.000000e+00
1.300000e+01	3.200000e+01	0.000000e+00	5	0.000000e+00
1.300000e+01	3.200000e+01	0.000000e+00	5	0.000000e+00
1.300000e+01	3.200000e+01	0.000000e+00	5	1.851852e-02
1.300000e+01	3.200000e+01	0.000000e+00	5	0.000000e+00
1.300000e+01	3.200000e+01	0.000000e+00	5	0.000000e+00
1.900000e+01	2.400000e+01	0.000000e+00	5	3.575990e-02
1.100000e+01	3.500000e+01	0.000000e+00	5	0.000000e+00
1.200000e+01	3.300000e+01	0.000000e+00	5	5.300128e-02
2.500000e+01	2.000000e+01	0.000000e+00	5	5.427842e-02
1.500000e+01	3.100000e+01	0.000000e+00	6	0.000000e+00
2.000000e+01	2.400000e+01	0.000000e+00	6	0.000000e+00
3.400000e+01	1.700000e+01	0.000000e+00	6	1.000000e+14
1.800000e+01	2.600000e+01	0.000000e+00	6	0.000000e+00
2.000000e+01	2.400000e+01	0.000000e+00	6	1.666667e-02
1.100000e+01	3.600000e+01	0.000000e+00	6	0.000000e+00
2.600000e+01	2.000000e+01	0.000000e+00	6	5.238095e-02
1.200000e+01	3.400000e+01	0.000000e+00	6	5.119048e-02
6.000000e+00	4.700000e+01	0.000000e+00	6	0.000000e+00
6.000000e+00	4.700000e+01	0.000000e+00	6	3.452381e-02
1.300000e+01	3.300000e+01	0.000000e+00	6	0.000000e+00
2.400000e+01	2.100000e+01	0.000000e+00	6	3.571429e-02
1.200000e+01	3.400000e+01	0.000000e+00	6	3.452381e-02
7.000000e+00	4.600000e+01	0.000000e+00	6	1.666667e-02
1.400000e+01	3.200000e+01	0.000000e+00	6	0.000000e+00
1.700000e+01	2.900000e+01	0.000000e+00	6	1.666667e-02
1.700000e+01	2.900000e+01	0.000000e+00	6	0.000000e+00
1.600000e+01	3.000000e+01	0.000000e+00	6	0.000000e+00
8.000000e+00	4.200000e+01	0.000000e+00	6	1.785714e-02
8.000000e+00	4.200000e+01	0.000000e+00	6	6.666667e-02
1.400000e+01	3.200000e+01	0.000000e+00	6	1.666667e-02
1.500000e+01	3.100000e+01	0.000000e+00	6	1.666667e-02
1.700000e+01	2.900000e+01	0.000000e+00	6	5.000000e-02
1.100000e+01	3.600000e+01	0.000000e+00	6	1.666667e-02
1.400000e+01	3.200000e+01	0.000000e+00	6	0.000000e+00
9.000000e+00	4.100000e+01	0.000000e+00	6	0.000000e+00
1.600000e+01	3.000000e+01	0.000000e+00	6	0.000000e+00
1.300000e+01	3.300000e+01	0.000000e+00	6	0.000000e+00
2.900000e+01	1.800000e+01	0.000000e+00	6	1.583333e-01
1.600000e+01	3.000000e+01	0.000000e+00	6	0.000000e+00
1.300000e+01	3.300000e+01	0.000000e+00	6	3.452381e-02
1.300000e+01	3.300000e+01	0.000000e+00	6	0.000000e+00
7.000000e+00	4.600000e+01	0.000000e+00	6	1.785714e-02
7.000000e+00	4.600000e+01	0.000000e+00	6	0.000000e+00
7.000000e+00	4.600000e+01	0.000000e+00	6	8.452381e-02
7.000000e+00	4.600000e+01	0.000000e+00	6	0.000000e+00
7.000000e+00	4.600000e+01	0.000000e+00	6	0.000000e+00
7.000000e+00	4.600000e+01	0.000000e+00	6	0.000000e+00
7.000000e+00	4.600000e+01	0.000000e+00	6	0.000000e+00
1.000000e+01	3.700000e+01	0.000000e+00	6	1.190476e-01
1.700000e+01	2.900000e+01	0.000000e+00	6	0.000000e+00
1.600000e+01	3.000000e+01	0.000000e+00	6	0.000000e+00
1.700000e+01	2.900000e+01	0.000000e+00	6	0.000000e+00
1.100000e+01	3.600000e+01	0.000000e+00	6	3.333333e-02
1.700000e+01	2.900000e+01	0.000000e+00	6	0.000000e+00
1.700000e+01	2.900000e+01	0.000000e+00	6	1.785714e-02
1.700000e+01	2.900000e+01	0.000000e+00	6	0.000000e+00
1.700000e+01	2.900000e+01	0.000000e+00	6	0.000000e+00
1.700000e+01	2.900000e+01	0.000000e+00	6	0.000000e+00
1.700000e+01	2.900000e+01	0.000000e+00	6	0.000000e+00
1.700000e+01	2.900000e+01	0.000000e+00	6	0.000000e+00
1.700000e+01	2.900000e+01	0.000000e+00	6	0.000000e+00
1.700000e+01	2.900000e+01	0.000000e+00	6	0.000000e+00
1.700000e+01	2.900000e+01	0.000000e+00	6	1.785714e-02
1.600000e+01	3.000000e+01	0.000000e+00	6	0.000000e+00
1.600000e+01	3.000000e+01	0.000000e+00	6	1.785714e-02
1.600000e+01	3.000000e+01	0.000000e+00	6	0.000000e+00
1.600000e+01	3.000000e+01	0.000000e+00	6	0.000000e+00
1.600000e+01	3.000000e+01	0.000000e+00	6	0.000000e+00
1.600000e+01	3.000000e+01	0.000000e+00	6	1.666667e-02
1.600000e+01	3.000000e+01	0.000000e+00	6	1.785714e-02
1.700000e+01	2.900000e+01	0.000000e+00	6	0.000000e+00
1.700000e+01	2.900000e+01	0.000000e+00	6	0.000000e+00
1.100000e+01	3.600000e+01	0.000000e+00	6	1.785714e-02
1.100000e+01	3.600000e+01	0.000000e+00	6	0.000000e+00
1.100000e+01	3.600000e+01	0.000000e+00	6	0.000000e+00
1.700000e+01	2.900000e+01	0.000000e+00	6	0.000000e+00
1.300000e+01	3.300000e+01	0.000000e+00	6	0.000000e+00
1.300000e+01	3.300000e+01	0.000000e+00	6	0.000000e+00
1.300000e+01	3.300000e+01	0.000000e+00	6	1.785714e-02
1.300000e+01	3.300000e+01	0.000000e+00	6	0.000000e+00
1.300000e+01	3.300000e+01	0.000000e+00	6	0.000000e+00
1.300000e+01	3.300000e+01	0.000000e+00	6	1.666667e-02
1.100000e+01	3.600000e+01	0.000000e+00	6	1.785714e-02
8.000000e+00	4.200000e+01	0.000000e+00	6	1.666667e-02
8.000000e+00	4.200000e+01	0.000000e+00	6	1.785714e-02
9.000000e+00	4.100000e+01	0.000000e+00	6	0.000000e+00
9.000000e+00	4.100000e+01	0.000000e+00	6	6.666667e-02
9.000000e+00	4.100000e+01	0.000000e+00	6	1.666667e-02
1.700000e+01	2.900000e+01	0.000000e+00	6	0.000000e+00
2.700000e+01	1.900000e+01	0.000000e+00	6	3.571429e-02
2.700000e+01	1.900000e+01	0.000000e+00	6	1.785714e-02
2.700000e+01	1.900000e+01	0.000000e+00	6	1.666667e-02
2.700000e+01	1.900000e+01	0.000000e+00	6	0.000000e+00
2.600000e+01	2.000000e+01	0.000000e+00	6	3.452381e-02
2.700000e+01	1.900000e+01	0.000000e+00	6	1.666667e-02
9.000000e+00	4.100000e+01	0.000000e+00	6	1.785714e-02
1.400000e+01	3.200000e+01	0.000000e+00	6	0.000000e+00
1.500000e+01	3.100000e+01	0.000000e+00	6	1.785714e-02
1.400000e+01	3.200000e+01	0.000000e+00	6	0.000000e+00
1.500000e+01	3.100000e+01	0.000000e+00	6	0.000000e+00
1.500000e+01	3.100000e+01	0.000000e+00	6	0.000000e+00
1.500000e+01	3.100000e+01	0.000000e+00	6	0.000000e+00
1.500000e+01	3.100000e+01	0.000000e+00	6	0.000000e+00
1.500000e+01	3.100000e+01	0.000000e+00	6	0.000000e+00
1.400000e+01	3.200000e+01	0.000000e+00	6	0.000000e+00
1.400000e+01	3.200000e+01	0.000000e+00	6	0.000000e+00
1.500000e+01	3.100000e+01	0.000000e+00	6	0.000000e+00
1.400000e+01	3.200000e+01	0.000000e+00	6	0.000000e+00
1.500000e+01	3.100000e+01	0.000000e+00	6	0.000000e+00
1.500000e+01	3.100000e+01	0.000000e+00	6	0.000000e+00
1.400000e+01	3.200000e+01	0.000000e+00	6	1.785714e-02
1.400000e+01	3.200000e+01	0.000000e+00	6	0.000000e+00
1.500000e+01	3.100000e+01	0.000000e+00	6	0.000000e+00
1.400000e+01	3.200000e+01	0.000000e+00	6	0.000000e+00
1.500000e+01	3.100000e+01	0.000000e+00	6	1.666667e-02
1.500000e+01	3.100000e+01	0.000000e+00	6	0.000000e+00
1.400000e+01	3.200000e+01	0.000000e+00	6	0.000000e+00
1.400000e+01	3.200000e+01	0.000000e+00	6	0.000000e+00
1.500000e+01	3.100000e+01	0.000000e+00	6	0.000000e+00
1.400000e+01	3.200000e+01	0.000000e+00	6	0.000000e+00
1.600000e+01	3.000000e+01	0.000000e+00	6	0.000000e+00
1.700000e+01	2.900000e+01	0.000000e+00	6	0.000000e+00
1.400000e+01	3.200000e+01	0.000000e+00	6	1.666667e-02
1.400000e+01	3.200000e+01	0.000000e+00	6	1.785714e-02
1.500000e+01	3.100000e+01	0.000000e+00	6	1.785714e-02
1.400000e+01	3.200000e+01	0.000000e+00	6	0.000000e+00
1.700000e+01	2.900000e+01	0.000000e+00	6	0.000000e+00
1.900000e+01	2.500000e+01	0.000000e+00	6	1.785714e-02
1.900000e+01	2.500000e+01	0.000000e+00	6	0.000000e+00
2.200000e+01	2.200000e+01	0.000000e+00	6	0.000000e+00
2.000000e+01	2.400000e+01	0.000000e+00	6	0.000000e+00
2.200000e+01	2.200000e+01	0.000000e+00	6	3.452381e-02
2.200000e+01	2.200000e+01	0.000000e+00	6	1.666667e-02
2.000000e+01	2.400000e+01	0.000000e+00	6	1.785714e-02
2.400000e+01	2.100000e+01	0.000000e+00	6	1.666667e-02
2.000000e+01	2.400000e+01	0.000000e+00	6	0.000000e+00
2.100000e+01	2.300000e+01	0.000000e+00	6	3.452381e-02
2.000000e+01	2.400000e+01	0.000000e+00	6	0.000000e+00
2.000000e+01	2.400000e+01	0.000000e+00	6	0.000000e+00
2.000000e+01	2.400000e+01	0.000000e+00	6	1.785714e-02
2.100000e+01	2.300000e+01	0.000000e+00	6	1.666667e-02
2.000000e+01	2.400000e+01	0.000000e+00	6	1.666667e-02
2.400000e+01	2.100000e+01	0.000000e+00	6	1.666667e-02
1.900000e+01	2.500000e+01	0.000000e+00	6	0.000000e+00
1.800000e+01	2.600000e+01	0.000000e+00	6	0.000000e+00
1.900000e+01	2.500000e+01	0.000000e+00	6	0.000000e+00
1.800000e+01	2.600000e+01	0.000000e+00	6	1.785714e-02
1.800000e+01	2.600000e+01	0.000000e+00	6	0.000000e+00
1.800000e+01	2.600000e+01	0.000000e+00	6	0.000000e+00
1.800000e+01	2.600000e+01	0.000000e+00	6	0.000000e+00
1.800000e+01	2.600000e+01	0.000000e+00	6	0.000000e+00
1.800000e+01	2.600000e+01	0.000000e+00	6	5.000000e-02
1.900000e+01	2.500000e+01	0.000000e+00	6	3.452381e-02
1.800000e+01	2.600000e+01	0.000000e+00	6	3.452381e-02
1.900000e+01	2.500000e+01	0.000000e+00	6	1.666667e-02
1.900000e+01	2.500000e+01	0.000000e+00	6	0.000000e+00
2.200000e+01	2.200000e+01	0.000000e+00	6	0.000000e+00
2.100000e+01	2.300000e+01	0.000000e+00	6	0.000000e+00
1.600000e+01	3.000000e+01	0.000000e+00	6	1.666667e-02
2.400000e+01	2.100000e+01	0.000000e+00	6	3.571429e-02
1.700000e+01	2.900000e+01	0.000000e+00	6	0.000000e+00
6.000000e+00	4.700000e+01	0.000000e+00	6	1.000000e+14
2.200000e+01	2.200000e+01	0.000000e+00	6	3.571429e-02
1.500000e+01	3.100000e+01	0.000000e+00	6	0.000000e+00
9.000000e+00	4.100000e+01	0.000000e+00	6	1.785714e-02
1.700000e+01	2.900000e+01	0.000000e+00	6	0.000000e+00
7.000000e+00	4.600000e+01	0.000000e+00	6	0.000000e+00
1.100000e+01	3.600000e+01	0.000000e+00	6	0.000000e+00
2.100000e+01	2.300000e+01	0.000000e+00	6	1.785714e-02
1.700000e+01	2.900000e+01	0.000000e+00	6	0.000000e+00
1.800000e+01	2.600000e+01	0.000000e+00	6	0.000000e+00
3.500000e+01	1.700000e+01	0.000000e+00	7	1.000000e+14
6.000000e+00	4.800000e+01	0.000000e+00	7	1.000000e+14
3.000000e+01	1.800000e+01	0.000000e+00	7	1.529477e-01
3.500000e+01	1.700000e+01	0.000000e+00	7	1.023359e-01
2.800000e+01	1.900000e+01	0.000000e+00	7	8.398220e-02
1.000000e+01	3.800000e+01	0.000000e+00	7	8.175751e-02
7.000000e+00	4.700000e+01	0.000000e+00	7	8.175751e-02
8.000000e+00	4.300000e+01	0.000000e+00	7	8.175751e-02
1.800000e+01	2.700000e+01	0.000000e+00	7	6.562848e-02
1.700000e+01	3.000000e+01	0.000000e+00	7	6.562848e-02
9.000000e+00	4.200000e+01	0.000000e+00	7	6.451613e-02
2.300000e+01	2.200000e+01	0.000000e+00	7	5.061179e-02
2.500000e+01	2.100000e+01	0.000000e+00	7	5.061179e-02
2.700000e+01	2.000000e+01	0.000000e+00	7	5.061179e-02
2.500000e+01	2.100000e+01	0.000000e+00	7	5.061179e-02
1.100000e+01	3.700000e+01	0.000000e+00	7	4.949944e-02
1.900000e+01	2.600000e+01	0.000000e+00	7	3.337041e-02
1.300000e+01	3.400000e+01	0.000000e+00	7	3.337041e-02
1.600000e+01	3.100000e+01	0.000000e+00	7	3.337041e-02
2.000000e+01	2.500000e+01	0.000000e+00	7	3.337041e-02
1.400000e+01	3.300000e+01	0.000000e+00	7	3.337041e-02
9.000000e+00	4.200000e+01	0.000000e+00	7	3.337041e-02
1.200000e+01	3.500000e+01	0.000000e+00	7	3.337041e-02
2.700000e+01	2.000000e+01	0.000000e+00	7	3.337041e-02
1.500000e+01	3.200000e+01	0.000000e+00	7	3.337041e-02
2.000000e+01	2.500000e+01	0.000000e+00	7	3.337041e-02
1.400000e+01	3.300000e+01	0.000000e+00	7	3.337041e-02
1.600000e+01	3.100000e+01	0.000000e+00	7	3.337041e-02
1.000000e+01	3.800000e+01	0.000000e+00	7	3.337041e-02
8.000000e+00	4.300000e+01	0.000000e+00	7	3.337041e-02
2.100000e+01	2.400000e+01	0.000000e+00	7	3.337041e-02
2.100000e+01	2.400000e+01	0.000000e+00	7	3.337041e-02
1.100000e+01	3.700000e+01	0.000000e+00	7	3.337041e-02
2.200000e+01	2.300000e+01	0.000000e+00	7	3.337041e-02
1.900000e+01	2.600000e+01	0.000000e+00	7	3.337041e-02
2.200000e+01	2.300000e+01	0.000000e+00	7	3.337041e-02
7.000000e+00	4.700000e+01	0.000000e+00	7	3.337041e-02
1.200000e+01	3.500000e+01	0.000000e+00	7	3.225806e-02
2.300000e+01	2.200000e+01	0.000000e+00	7	1.724138e-02
1.200000e+01	3.500000e+01	0.000000e+00	7	1.724138e-02
6.000000e+00	4.800000e+01	0.000000e+00	7	1.724138e-02
1.800000e+01	2.700000e+01	0.000000e+00	7	1.724138e-02
1.700000e+01	3.000000e+01	0.000000e+00	7	1.724138e-02
1.500000e+01	3.200000e+01	0.000000e+00	7	1.724138e-02
1.300000e+01	3.400000e+01	0.000000e+00	7	1.724138e-02
9.000000e+00	4.200000e+01	0.000000e+00	7	1.724138e-02
2.300000e+01	2.200000e+01	0.000000e+00	7	1.612903e-02
1.700000e+01	3.000000e+01	0.000000e+00	7	1.612903e-02
6.000000e+00	4.800000e+01	0.000000e+00	7	1.612903e-02
1.800000e+01	2.700000e+01	0.000000e+00	7	1.612903e-02
1.500000e+01	3.200000e+01	0.000000e+00	7	1.612903e-02
1.300000e+01	3.400000e+01	0.000000e+00	7	1.612903e-02
1.500000e+01	3.200000e+01	0.000000e+00	7	0.000000e+00
1.600000e+01	3.100000e+01	0.000000e+00	7	0.000000e+00
1.600000e+01	3.100000e+01	0.000000e+00	7	0.000000e+00
1.400000e+01	3.300000e+01	0.000000e+00	7	0.000000e+00
1.600000e+01	3.100000e+01	0.000000e+00	7	0.000000e+00
2.000000e+01	2.500000e+01	0.000000e+00	7	0.000000e+00
2.100000e+01	2.400000e+01	0.000000e+00	7	0.000000e+00
1.700000e+01	3.000000e+01	0.000000e+00	7	0.000000e+00
2.300000e+01	2.200000e+01	0.000000e+00	7	0.000000e+00
1.600000e+01	3.100000e+01	0.000000e+00	7	0.000000e+00
1.300000e+01	3.400000e+01	0.000000e+00	7	0.000000e+00
9.000000e+00	4.200000e+01	0.000000e+00	7	0.000000e+00
